#
# A fatal error has been detected by the Java Runtime Environment:
#
#  EXCEPTION_ACCESS_VIOLATION (0xc0000005) at pc=0x000000006ec4b5bb, pid=18200, tid=17764
#
# JRE version: Java(TM) SE Runtime Environment (17.0.1+12) (build 17.0.1+12-LTS-39)
# Java VM: Java HotSpot(TM) 64-Bit Server VM (17.0.1+12-LTS-39, mixed mode, sharing, tiered, compressed oops, compressed class ptrs, g1 gc, windows-amd64)
# Problematic frame:
# C  [jSSC-2.7_x86_64.dll+0xb5bb]
#
# No core dump will be written. Minidumps are not enabled by default on client versions of Windows
#
# If you would like to submit a bug report, please visit:
#   https://bugreport.java.com/bugreport/crash.jsp
# The crash happened outside the Java Virtual Machine in native code.
# See problematic frame for where to report the bug.
#

---------------  S U M M A R Y ------------

Command Line: -Dfile.encoding=Cp1252 -XX:+ShowCodeDetailsInExceptionMessages rest.omms.UserService

Host: AMD Ryzen 5 5600G with Radeon Graphics         , 12 cores, 15G,  Windows 10 , 64 bit Build 19041 (10.0.19041.3031)
Time: Thu Jul  6 09:04:08 2023 China Standard Time elapsed time: 0.114142 seconds (0d 0h 0m 0s)

---------------  T H R E A D  ---------------

Current thread (0x0000021883a13020):  JavaThread "main" [_thread_in_native, id=17764, stack(0x000000622e300000,0x000000622e400000)]

Stack: [0x000000622e300000,0x000000622e400000],  sp=0x000000622e3fec60,  free space=1019k
Native frames: (J=compiled Java code, j=interpreted, Vv=VM code, C=native code)
C  [jSSC-2.7_x86_64.dll+0xb5bb]

Java frames: (J=compiled Java code, j=interpreted, Vv=VM code)
j  jssc.SerialNativeInterface.openPort(Ljava/lang/String;Z)J+0
j  jssc.SerialPort.openPort()Z+65
j  rest.omms.SMSTranceiver.open(Ljava/lang/String;)V+26
j  rest.omms.SMSTranceiver.readSMSPdu(ILjava/lang/String;)Lorg/json/JSONArray;+156
j  rest.omms.UserService.readSMS(ILjava/lang/String;)V+11
j  rest.omms.UserService.main([Ljava/lang/String;)V+6
v  ~StubRoutines::call_stub

siginfo: EXCEPTION_ACCESS_VIOLATION (0xc0000005), reading address 0xffffffff818b1a78


Register to memory mapping:

RIP=0x000000006ec4b5bb jSSC-2.7_x86_64.dll
RAX=0xffffffff818b1a78 is an unknown value
RBX=0x000000622e3fecd0 is pointing into the stack for thread: 0x0000021883a13020
RCX=0x00007fffa4f8d294 ntdll.dll
RDX=0x0 is NULL
RSP=0x000000622e3fec60 is pointing into the stack for thread: 0x0000021883a13020
RBP=0x000000622e3fede0 is pointing into the stack for thread: 0x0000021883a13020
RSI=0x0000021883a132c8 points into unknown readable memory: 0x00007fff69403630 | 30 36 40 69 ff 7f 00 00
RDI=0x00000000000004c4 is an unknown value
R8 =0x000000622e3feb58 is pointing into the stack for thread: 0x0000021883a13020
R9 =0x000000622e3fec50 is pointing into the stack for thread: 0x0000021883a13020
R10=0x0 is NULL
R11=0x0000000000000246 is an unknown value
R12=0x000000622e3feea0 is pointing into the stack for thread: 0x0000021883a13020
R13=0x00000218a76dcd10 points into unknown readable memory: 0x00ac3500334d4f43 | 43 4f 4d 33 00 35 ac 00
R14=0x000000622e3fed90 is pointing into the stack for thread: 0x0000021883a13020
R15=0x0000021883a13020 is a thread


Registers:
RAX=0xffffffff818b1a78, RBX=0x000000622e3fecd0, RCX=0x00007fffa4f8d294, RDX=0x0000000000000000
RSP=0x000000622e3fec60, RBP=0x000000622e3fede0, RSI=0x0000021883a132c8, RDI=0x00000000000004c4
R8 =0x000000622e3feb58, R9 =0x000000622e3fec50, R10=0x0000000000000000, R11=0x0000000000000246
R12=0x000000622e3feea0, R13=0x00000218a76dcd10, R14=0x000000622e3fed90, R15=0x0000021883a13020
RIP=0x000000006ec4b5bb, EFLAGS=0x0000000000010202

Top of Stack: (sp=0x000000622e3fec60)
0x000000622e3fec60:   00000218a7913900 00000218a76dca70
0x000000622e3fec70:   000000006ec4b210 00000218818e0000
0x000000622e3fec80:   00000218817f0000 0000000000000004
0x000000622e3fec90:   0000021883a132c8 00000000000004c4
0x000000622e3feca0:   000000622e3fede0 000000006ec52570
0x000000622e3fecb0:   0000021883a13020 000000622e3fed90
0x000000622e3fecc0:   00000218a76dcd10 000000622e3feea0
0x000000622e3fecd0:   00000218a76dcd10 00007fffa4f147b1
0x000000622e3fece0:   000000622e3fed10 00000218818e0000
0x000000622e3fecf0:   000000622e3fede0 0000000000000000
0x000000622e3fed00:   000000006ec534e0 000000006ec53bc8
0x000000622e3fed10:   000000622e3fed40 000000006ec52621
0x000000622e3fed20:   000000622e3fecb0 0000021883a132c8
0x000000622e3fed30:   0000000000000000 0000000000000000
0x000000622e3fed40:   000000622e3fede0 000000006ec41575
0x000000622e3fed50:   000000000000001c 0000021800000000 

Instructions: (pc=0x000000006ec4b5bb)
0x000000006ec4b4bb:   48 85 c0 74 bf 44 8b 03 45 85 c0 0f 84 77 ff ff
0x000000006ec4b4cb:   ff eb 9f 66 90 e8 8b fe ff ff 48 89 05 2c 34 01
0x000000006ec4b4db:   00 eb ad 66 90 e8 7b fe ff ff 48 89 05 1c 34 01
0x000000006ec4b4eb:   00 eb 8b e8 8d fe ff ff c7 03 01 00 00 00 e9 6f
0x000000006ec4b4fb:   ff ff ff 66 90 55 48 89 e5 56 53 48 83 ec 20 48
0x000000006ec4b50b:   8b 05 f7 33 01 00 48 8b 31 48 89 cb 48 85 c0 74
0x000000006ec4b51b:   56 44 8b 18 45 85 db 78 42 48 8b 05 dd 33 01 00
0x000000006ec4b52b:   48 85 c0 74 50 44 8b 10 45 85 d2 74 1d 48 89 f1
0x000000006ec4b53b:   e8 d0 fd ff ff 48 8b 13 48 8d 42 40 48 8b 48 08
0x000000006ec4b54b:   48 8b 6a 40 48 8b 60 10 ff e1 48 8b 05 bc 33 01
0x000000006ec4b55b:   00 48 85 c0 74 2d 48 89 30 eb da e8 b5 fe ff ff
0x000000006ec4b56b:   0f 1f 44 00 00 eb b2 e8 e9 fd ff ff 48 89 05 8a
0x000000006ec4b57b:   33 01 00 eb 9c e8 db fd ff ff 48 89 05 7c 33 01
0x000000006ec4b58b:   00 eb a2 e8 3d fd ff ff 48 89 05 7e 33 01 00 eb
0x000000006ec4b59b:   c5 0f 1f 40 00 55 57 56 53 48 83 ec 28 48 8b 05
0x000000006ec4b5ab:   59 33 01 00 48 89 cb 48 85 c0 0f 84 c5 00 00 00
0x000000006ec4b5bb:   8b 38 85 ff 0f 88 ab 00 00 00 48 8b 05 3c 33 01
0x000000006ec4b5cb:   00 48 85 c0 0f 84 bc 00 00 00 8b 30 85 f6 74 57
0x000000006ec4b5db:   48 8b 05 2e 33 01 00 48 85 c0 0f 84 e5 00 00 00
0x000000006ec4b5eb:   8b 28 48 8b 35 30 5e 01 00 ff d6 89 c7 89 e9 ff
0x000000006ec4b5fb:   15 14 5f 01 00 89 f9 48 89 c5 ff 15 d9 5e 01 00
0x000000006ec4b60b:   48 8b 05 fe 32 01 00 48 89 2b 48 85 c0 74 46 48
0x000000006ec4b61b:   89 da 8b 08 ff 15 f7 5e 01 00 85 c0 74 27 48 83
0x000000006ec4b62b:   c4 28 5b 5e 5f 5d c3 48 8b 05 df 32 01 00 48 85
0x000000006ec4b63b:   c0 74 64 48 8b 10 48 89 13 48 89 18 48 83 c4 28
0x000000006ec4b64b:   5b 5e 5f 5d c3 48 89 f2 48 83 c4 28 5b 5e 5f 5d
0x000000006ec4b65b:   48 ff e2 66 90 e8 8b fc ff ff 48 89 05 a4 32 01
0x000000006ec4b66b:   00 eb ac 66 90 e8 ab fd ff ff e9 4b ff ff ff 66
0x000000006ec4b67b:   0f 1f 44 00 00 e8 db fc ff ff 48 89 05 7c 32 01
0x000000006ec4b68b:   00 e9 2a ff ff ff e8 ca fc ff ff 48 89 05 6b 32
0x000000006ec4b69b:   01 00 e9 33 ff ff ff e8 29 fc ff ff 48 89 05 6a
0x000000006ec4b6ab:   32 01 00 48 8b 10 48 85 c0 48 89 13 75 8b e8 12 


Stack slot to memory mapping:
stack at sp + 0 slots: 0x00000218a7913900 points into unknown readable memory: 0x005c002e005c005c | 5c 00 5c 00 2e 00 5c 00
stack at sp + 1 slots: 0x00000218a76dca70 points into unknown readable memory: 0x00000218a76a2430 | 30 24 6a a7 18 02 00 00
stack at sp + 2 slots: 0x000000006ec4b210 jSSC-2.7_x86_64.dll
stack at sp + 3 slots: 0x00000218818e0000 points into unknown readable memory: 0x0000000000000000 | 00 00 00 00 00 00 00 00
stack at sp + 4 slots: 0x00000218817f0000 points into unknown readable memory: 0x0000000000000000 | 00 00 00 00 00 00 00 00
stack at sp + 5 slots: 0x0000000000000004 is an unknown value
stack at sp + 6 slots: 0x0000021883a132c8 points into unknown readable memory: 0x00007fff69403630 | 30 36 40 69 ff 7f 00 00
stack at sp + 7 slots: 0x00000000000004c4 is an unknown value


---------------  P R O C E S S  ---------------

Threads class SMR info:
_java_thread_list=0x00000218a753c4b0, length=12, elements={
0x0000021883a13020, 0x00000218a6a02670, 0x00000218a6a05c90, 0x00000218a6a19480,
0x00000218a6a1af50, 0x00000218a6a1e0b0, 0x00000218a6a22a70, 0x00000218a7408470,
0x00000218a7409520, 0x00000218a6a46d60, 0x00000218a7533c70, 0x00000218a753c570
}

Java Threads: ( => current thread )
=>0x0000021883a13020 JavaThread "main" [_thread_in_native, id=17764, stack(0x000000622e300000,0x000000622e400000)]
  0x00000218a6a02670 JavaThread "Reference Handler" daemon [_thread_blocked, id=9932, stack(0x000000622ea00000,0x000000622eb00000)]
  0x00000218a6a05c90 JavaThread "Finalizer" daemon [_thread_blocked, id=5304, stack(0x000000622eb00000,0x000000622ec00000)]
  0x00000218a6a19480 JavaThread "Signal Dispatcher" daemon [_thread_blocked, id=17604, stack(0x000000622ec00000,0x000000622ed00000)]
  0x00000218a6a1af50 JavaThread "Attach Listener" daemon [_thread_blocked, id=10228, stack(0x000000622ed00000,0x000000622ee00000)]
  0x00000218a6a1e0b0 JavaThread "Service Thread" daemon [_thread_blocked, id=18044, stack(0x000000622ee00000,0x000000622ef00000)]
  0x00000218a6a22a70 JavaThread "Monitor Deflation Thread" daemon [_thread_blocked, id=19460, stack(0x000000622ef00000,0x000000622f000000)]
  0x00000218a7408470 JavaThread "C2 CompilerThread0" daemon [_thread_blocked, id=13624, stack(0x000000622f000000,0x000000622f100000)]
  0x00000218a7409520 JavaThread "C1 CompilerThread0" daemon [_thread_blocked, id=19552, stack(0x000000622f100000,0x000000622f200000)]
  0x00000218a6a46d60 JavaThread "Sweeper thread" daemon [_thread_blocked, id=13204, stack(0x000000622f200000,0x000000622f300000)]
  0x00000218a7533c70 JavaThread "Notification Thread" daemon [_thread_blocked, id=11080, stack(0x000000622f300000,0x000000622f400000)]
  0x00000218a753c570 JavaThread "Common-Cleaner" daemon [_thread_blocked, id=18728, stack(0x000000622f500000,0x000000622f600000)]

Other Threads:
  0x00000218a69fbec0 VMThread "VM Thread" [stack: 0x000000622e900000,0x000000622ea00000] [id=12276]
  0x0000021883a7db80 WatcherThread [stack: 0x000000622f400000,0x000000622f500000] [id=19772]
  0x0000021883a63530 GCTaskThread "GC Thread#0" [stack: 0x000000622e400000,0x000000622e500000] [id=3804]
  0x0000021883a748d0 ConcurrentGCThread "G1 Main Marker" [stack: 0x000000622e500000,0x000000622e600000] [id=18904]
  0x0000021883a752e0 ConcurrentGCThread "G1 Conc#0" [stack: 0x000000622e600000,0x000000622e700000] [id=16796]
  0x0000021883aeda80 ConcurrentGCThread "G1 Refine#0" [stack: 0x000000622e700000,0x000000622e800000] [id=18588]
  0x0000021883aee4a0 ConcurrentGCThread "G1 Service" [stack: 0x000000622e800000,0x000000622e900000] [id=3808]

Threads with active compile tasks:

VM state: not at safepoint (normal execution)

VM Mutex/Monitor currently owned by a thread: None

Heap address: 0x0000000703400000, size: 4044 MB, Compressed Oops mode: Zero based, Oop shift amount: 3

CDS archive(s) mapped at: [0x0000000800000000-0x0000000800bc0000-0x0000000800bc0000), size 12320768, SharedBaseAddress: 0x0000000800000000, ArchiveRelocationMode: 0.
Compressed class space mapped at: 0x0000000800c00000-0x0000000840c00000, reserved size: 1073741824
Narrow klass base: 0x0000000800000000, Narrow klass shift: 0, Narrow klass range: 0x100000000

GC Precious Log:
 CPUs: 12 total, 12 available
 Memory: 16175M
 Large Page Support: Disabled
 NUMA Support: Disabled
 Compressed Oops: Enabled (Zero based)
 Heap Region Size: 2M
 Heap Min Capacity: 8M
 Heap Initial Capacity: 254M
 Heap Max Capacity: 4044M
 Pre-touch: Disabled
 Parallel Workers: 10
 Concurrent Workers: 3
 Concurrent Refinement Workers: 10
 Periodic GC: Disabled

Heap:
 garbage-first heap   total 260096K, used 2048K [0x0000000703400000, 0x0000000800000000)
  region size 2048K, 2 young (4096K), 0 survivors (0K)
 Metaspace       used 1008K, committed 1152K, reserved 1056768K
  class space    used 86K, committed 128K, reserved 1048576K

Heap Regions: E=young(eden), S=young(survivor), O=old, HS=humongous(starts), HC=humongous(continues), CS=collection set, F=free, OA=open archive, CA=closed archive, TAMS=top-at-mark-start (previous, next)
|   0|0x0000000703400000, 0x0000000703400000, 0x0000000703600000|  0%| F|  |TAMS 0x0000000703400000, 0x0000000703400000| Untracked 
|   1|0x0000000703600000, 0x0000000703600000, 0x0000000703800000|  0%| F|  |TAMS 0x0000000703600000, 0x0000000703600000| Untracked 
|   2|0x0000000703800000, 0x0000000703800000, 0x0000000703a00000|  0%| F|  |TAMS 0x0000000703800000, 0x0000000703800000| Untracked 
|   3|0x0000000703a00000, 0x0000000703a00000, 0x0000000703c00000|  0%| F|  |TAMS 0x0000000703a00000, 0x0000000703a00000| Untracked 
|   4|0x0000000703c00000, 0x0000000703c00000, 0x0000000703e00000|  0%| F|  |TAMS 0x0000000703c00000, 0x0000000703c00000| Untracked 
|   5|0x0000000703e00000, 0x0000000703e00000, 0x0000000704000000|  0%| F|  |TAMS 0x0000000703e00000, 0x0000000703e00000| Untracked 
|   6|0x0000000704000000, 0x0000000704000000, 0x0000000704200000|  0%| F|  |TAMS 0x0000000704000000, 0x0000000704000000| Untracked 
|   7|0x0000000704200000, 0x0000000704200000, 0x0000000704400000|  0%| F|  |TAMS 0x0000000704200000, 0x0000000704200000| Untracked 
|   8|0x0000000704400000, 0x0000000704400000, 0x0000000704600000|  0%| F|  |TAMS 0x0000000704400000, 0x0000000704400000| Untracked 
|   9|0x0000000704600000, 0x0000000704600000, 0x0000000704800000|  0%| F|  |TAMS 0x0000000704600000, 0x0000000704600000| Untracked 
|  10|0x0000000704800000, 0x0000000704800000, 0x0000000704a00000|  0%| F|  |TAMS 0x0000000704800000, 0x0000000704800000| Untracked 
|  11|0x0000000704a00000, 0x0000000704a00000, 0x0000000704c00000|  0%| F|  |TAMS 0x0000000704a00000, 0x0000000704a00000| Untracked 
|  12|0x0000000704c00000, 0x0000000704c00000, 0x0000000704e00000|  0%| F|  |TAMS 0x0000000704c00000, 0x0000000704c00000| Untracked 
|  13|0x0000000704e00000, 0x0000000704e00000, 0x0000000705000000|  0%| F|  |TAMS 0x0000000704e00000, 0x0000000704e00000| Untracked 
|  14|0x0000000705000000, 0x0000000705000000, 0x0000000705200000|  0%| F|  |TAMS 0x0000000705000000, 0x0000000705000000| Untracked 
|  15|0x0000000705200000, 0x0000000705200000, 0x0000000705400000|  0%| F|  |TAMS 0x0000000705200000, 0x0000000705200000| Untracked 
|  16|0x0000000705400000, 0x0000000705400000, 0x0000000705600000|  0%| F|  |TAMS 0x0000000705400000, 0x0000000705400000| Untracked 
|  17|0x0000000705600000, 0x0000000705600000, 0x0000000705800000|  0%| F|  |TAMS 0x0000000705600000, 0x0000000705600000| Untracked 
|  18|0x0000000705800000, 0x0000000705800000, 0x0000000705a00000|  0%| F|  |TAMS 0x0000000705800000, 0x0000000705800000| Untracked 
|  19|0x0000000705a00000, 0x0000000705a00000, 0x0000000705c00000|  0%| F|  |TAMS 0x0000000705a00000, 0x0000000705a00000| Untracked 
|  20|0x0000000705c00000, 0x0000000705c00000, 0x0000000705e00000|  0%| F|  |TAMS 0x0000000705c00000, 0x0000000705c00000| Untracked 
|  21|0x0000000705e00000, 0x0000000705e00000, 0x0000000706000000|  0%| F|  |TAMS 0x0000000705e00000, 0x0000000705e00000| Untracked 
|  22|0x0000000706000000, 0x0000000706000000, 0x0000000706200000|  0%| F|  |TAMS 0x0000000706000000, 0x0000000706000000| Untracked 
|  23|0x0000000706200000, 0x0000000706200000, 0x0000000706400000|  0%| F|  |TAMS 0x0000000706200000, 0x0000000706200000| Untracked 
|  24|0x0000000706400000, 0x0000000706400000, 0x0000000706600000|  0%| F|  |TAMS 0x0000000706400000, 0x0000000706400000| Untracked 
|  25|0x0000000706600000, 0x0000000706600000, 0x0000000706800000|  0%| F|  |TAMS 0x0000000706600000, 0x0000000706600000| Untracked 
|  26|0x0000000706800000, 0x0000000706800000, 0x0000000706a00000|  0%| F|  |TAMS 0x0000000706800000, 0x0000000706800000| Untracked 
|  27|0x0000000706a00000, 0x0000000706a00000, 0x0000000706c00000|  0%| F|  |TAMS 0x0000000706a00000, 0x0000000706a00000| Untracked 
|  28|0x0000000706c00000, 0x0000000706c00000, 0x0000000706e00000|  0%| F|  |TAMS 0x0000000706c00000, 0x0000000706c00000| Untracked 
|  29|0x0000000706e00000, 0x0000000706e00000, 0x0000000707000000|  0%| F|  |TAMS 0x0000000706e00000, 0x0000000706e00000| Untracked 
|  30|0x0000000707000000, 0x0000000707000000, 0x0000000707200000|  0%| F|  |TAMS 0x0000000707000000, 0x0000000707000000| Untracked 
|  31|0x0000000707200000, 0x0000000707200000, 0x0000000707400000|  0%| F|  |TAMS 0x0000000707200000, 0x0000000707200000| Untracked 
|  32|0x0000000707400000, 0x0000000707400000, 0x0000000707600000|  0%| F|  |TAMS 0x0000000707400000, 0x0000000707400000| Untracked 
|  33|0x0000000707600000, 0x0000000707600000, 0x0000000707800000|  0%| F|  |TAMS 0x0000000707600000, 0x0000000707600000| Untracked 
|  34|0x0000000707800000, 0x0000000707800000, 0x0000000707a00000|  0%| F|  |TAMS 0x0000000707800000, 0x0000000707800000| Untracked 
|  35|0x0000000707a00000, 0x0000000707a00000, 0x0000000707c00000|  0%| F|  |TAMS 0x0000000707a00000, 0x0000000707a00000| Untracked 
|  36|0x0000000707c00000, 0x0000000707c00000, 0x0000000707e00000|  0%| F|  |TAMS 0x0000000707c00000, 0x0000000707c00000| Untracked 
|  37|0x0000000707e00000, 0x0000000707e00000, 0x0000000708000000|  0%| F|  |TAMS 0x0000000707e00000, 0x0000000707e00000| Untracked 
|  38|0x0000000708000000, 0x0000000708000000, 0x0000000708200000|  0%| F|  |TAMS 0x0000000708000000, 0x0000000708000000| Untracked 
|  39|0x0000000708200000, 0x0000000708200000, 0x0000000708400000|  0%| F|  |TAMS 0x0000000708200000, 0x0000000708200000| Untracked 
|  40|0x0000000708400000, 0x0000000708400000, 0x0000000708600000|  0%| F|  |TAMS 0x0000000708400000, 0x0000000708400000| Untracked 
|  41|0x0000000708600000, 0x0000000708600000, 0x0000000708800000|  0%| F|  |TAMS 0x0000000708600000, 0x0000000708600000| Untracked 
|  42|0x0000000708800000, 0x0000000708800000, 0x0000000708a00000|  0%| F|  |TAMS 0x0000000708800000, 0x0000000708800000| Untracked 
|  43|0x0000000708a00000, 0x0000000708a00000, 0x0000000708c00000|  0%| F|  |TAMS 0x0000000708a00000, 0x0000000708a00000| Untracked 
|  44|0x0000000708c00000, 0x0000000708c00000, 0x0000000708e00000|  0%| F|  |TAMS 0x0000000708c00000, 0x0000000708c00000| Untracked 
|  45|0x0000000708e00000, 0x0000000708e00000, 0x0000000709000000|  0%| F|  |TAMS 0x0000000708e00000, 0x0000000708e00000| Untracked 
|  46|0x0000000709000000, 0x0000000709000000, 0x0000000709200000|  0%| F|  |TAMS 0x0000000709000000, 0x0000000709000000| Untracked 
|  47|0x0000000709200000, 0x0000000709200000, 0x0000000709400000|  0%| F|  |TAMS 0x0000000709200000, 0x0000000709200000| Untracked 
|  48|0x0000000709400000, 0x0000000709400000, 0x0000000709600000|  0%| F|  |TAMS 0x0000000709400000, 0x0000000709400000| Untracked 
|  49|0x0000000709600000, 0x0000000709600000, 0x0000000709800000|  0%| F|  |TAMS 0x0000000709600000, 0x0000000709600000| Untracked 
|  50|0x0000000709800000, 0x0000000709800000, 0x0000000709a00000|  0%| F|  |TAMS 0x0000000709800000, 0x0000000709800000| Untracked 
|  51|0x0000000709a00000, 0x0000000709a00000, 0x0000000709c00000|  0%| F|  |TAMS 0x0000000709a00000, 0x0000000709a00000| Untracked 
|  52|0x0000000709c00000, 0x0000000709c00000, 0x0000000709e00000|  0%| F|  |TAMS 0x0000000709c00000, 0x0000000709c00000| Untracked 
|  53|0x0000000709e00000, 0x0000000709e00000, 0x000000070a000000|  0%| F|  |TAMS 0x0000000709e00000, 0x0000000709e00000| Untracked 
|  54|0x000000070a000000, 0x000000070a000000, 0x000000070a200000|  0%| F|  |TAMS 0x000000070a000000, 0x000000070a000000| Untracked 
|  55|0x000000070a200000, 0x000000070a200000, 0x000000070a400000|  0%| F|  |TAMS 0x000000070a200000, 0x000000070a200000| Untracked 
|  56|0x000000070a400000, 0x000000070a400000, 0x000000070a600000|  0%| F|  |TAMS 0x000000070a400000, 0x000000070a400000| Untracked 
|  57|0x000000070a600000, 0x000000070a600000, 0x000000070a800000|  0%| F|  |TAMS 0x000000070a600000, 0x000000070a600000| Untracked 
|  58|0x000000070a800000, 0x000000070a800000, 0x000000070aa00000|  0%| F|  |TAMS 0x000000070a800000, 0x000000070a800000| Untracked 
|  59|0x000000070aa00000, 0x000000070aa00000, 0x000000070ac00000|  0%| F|  |TAMS 0x000000070aa00000, 0x000000070aa00000| Untracked 
|  60|0x000000070ac00000, 0x000000070ac00000, 0x000000070ae00000|  0%| F|  |TAMS 0x000000070ac00000, 0x000000070ac00000| Untracked 
|  61|0x000000070ae00000, 0x000000070ae00000, 0x000000070b000000|  0%| F|  |TAMS 0x000000070ae00000, 0x000000070ae00000| Untracked 
|  62|0x000000070b000000, 0x000000070b000000, 0x000000070b200000|  0%| F|  |TAMS 0x000000070b000000, 0x000000070b000000| Untracked 
|  63|0x000000070b200000, 0x000000070b200000, 0x000000070b400000|  0%| F|  |TAMS 0x000000070b200000, 0x000000070b200000| Untracked 
|  64|0x000000070b400000, 0x000000070b400000, 0x000000070b600000|  0%| F|  |TAMS 0x000000070b400000, 0x000000070b400000| Untracked 
|  65|0x000000070b600000, 0x000000070b600000, 0x000000070b800000|  0%| F|  |TAMS 0x000000070b600000, 0x000000070b600000| Untracked 
|  66|0x000000070b800000, 0x000000070b800000, 0x000000070ba00000|  0%| F|  |TAMS 0x000000070b800000, 0x000000070b800000| Untracked 
|  67|0x000000070ba00000, 0x000000070ba00000, 0x000000070bc00000|  0%| F|  |TAMS 0x000000070ba00000, 0x000000070ba00000| Untracked 
|  68|0x000000070bc00000, 0x000000070bc00000, 0x000000070be00000|  0%| F|  |TAMS 0x000000070bc00000, 0x000000070bc00000| Untracked 
|  69|0x000000070be00000, 0x000000070be00000, 0x000000070c000000|  0%| F|  |TAMS 0x000000070be00000, 0x000000070be00000| Untracked 
|  70|0x000000070c000000, 0x000000070c000000, 0x000000070c200000|  0%| F|  |TAMS 0x000000070c000000, 0x000000070c000000| Untracked 
|  71|0x000000070c200000, 0x000000070c200000, 0x000000070c400000|  0%| F|  |TAMS 0x000000070c200000, 0x000000070c200000| Untracked 
|  72|0x000000070c400000, 0x000000070c400000, 0x000000070c600000|  0%| F|  |TAMS 0x000000070c400000, 0x000000070c400000| Untracked 
|  73|0x000000070c600000, 0x000000070c600000, 0x000000070c800000|  0%| F|  |TAMS 0x000000070c600000, 0x000000070c600000| Untracked 
|  74|0x000000070c800000, 0x000000070c800000, 0x000000070ca00000|  0%| F|  |TAMS 0x000000070c800000, 0x000000070c800000| Untracked 
|  75|0x000000070ca00000, 0x000000070ca00000, 0x000000070cc00000|  0%| F|  |TAMS 0x000000070ca00000, 0x000000070ca00000| Untracked 
|  76|0x000000070cc00000, 0x000000070cc00000, 0x000000070ce00000|  0%| F|  |TAMS 0x000000070cc00000, 0x000000070cc00000| Untracked 
|  77|0x000000070ce00000, 0x000000070ce00000, 0x000000070d000000|  0%| F|  |TAMS 0x000000070ce00000, 0x000000070ce00000| Untracked 
|  78|0x000000070d000000, 0x000000070d000000, 0x000000070d200000|  0%| F|  |TAMS 0x000000070d000000, 0x000000070d000000| Untracked 
|  79|0x000000070d200000, 0x000000070d200000, 0x000000070d400000|  0%| F|  |TAMS 0x000000070d200000, 0x000000070d200000| Untracked 
|  80|0x000000070d400000, 0x000000070d400000, 0x000000070d600000|  0%| F|  |TAMS 0x000000070d400000, 0x000000070d400000| Untracked 
|  81|0x000000070d600000, 0x000000070d600000, 0x000000070d800000|  0%| F|  |TAMS 0x000000070d600000, 0x000000070d600000| Untracked 
|  82|0x000000070d800000, 0x000000070d800000, 0x000000070da00000|  0%| F|  |TAMS 0x000000070d800000, 0x000000070d800000| Untracked 
|  83|0x000000070da00000, 0x000000070da00000, 0x000000070dc00000|  0%| F|  |TAMS 0x000000070da00000, 0x000000070da00000| Untracked 
|  84|0x000000070dc00000, 0x000000070dc00000, 0x000000070de00000|  0%| F|  |TAMS 0x000000070dc00000, 0x000000070dc00000| Untracked 
|  85|0x000000070de00000, 0x000000070de00000, 0x000000070e000000|  0%| F|  |TAMS 0x000000070de00000, 0x000000070de00000| Untracked 
|  86|0x000000070e000000, 0x000000070e000000, 0x000000070e200000|  0%| F|  |TAMS 0x000000070e000000, 0x000000070e000000| Untracked 
|  87|0x000000070e200000, 0x000000070e200000, 0x000000070e400000|  0%| F|  |TAMS 0x000000070e200000, 0x000000070e200000| Untracked 
|  88|0x000000070e400000, 0x000000070e400000, 0x000000070e600000|  0%| F|  |TAMS 0x000000070e400000, 0x000000070e400000| Untracked 
|  89|0x000000070e600000, 0x000000070e600000, 0x000000070e800000|  0%| F|  |TAMS 0x000000070e600000, 0x000000070e600000| Untracked 
|  90|0x000000070e800000, 0x000000070e800000, 0x000000070ea00000|  0%| F|  |TAMS 0x000000070e800000, 0x000000070e800000| Untracked 
|  91|0x000000070ea00000, 0x000000070ea00000, 0x000000070ec00000|  0%| F|  |TAMS 0x000000070ea00000, 0x000000070ea00000| Untracked 
|  92|0x000000070ec00000, 0x000000070ec00000, 0x000000070ee00000|  0%| F|  |TAMS 0x000000070ec00000, 0x000000070ec00000| Untracked 
|  93|0x000000070ee00000, 0x000000070ee00000, 0x000000070f000000|  0%| F|  |TAMS 0x000000070ee00000, 0x000000070ee00000| Untracked 
|  94|0x000000070f000000, 0x000000070f000000, 0x000000070f200000|  0%| F|  |TAMS 0x000000070f000000, 0x000000070f000000| Untracked 
|  95|0x000000070f200000, 0x000000070f200000, 0x000000070f400000|  0%| F|  |TAMS 0x000000070f200000, 0x000000070f200000| Untracked 
|  96|0x000000070f400000, 0x000000070f400000, 0x000000070f600000|  0%| F|  |TAMS 0x000000070f400000, 0x000000070f400000| Untracked 
|  97|0x000000070f600000, 0x000000070f600000, 0x000000070f800000|  0%| F|  |TAMS 0x000000070f600000, 0x000000070f600000| Untracked 
|  98|0x000000070f800000, 0x000000070f800000, 0x000000070fa00000|  0%| F|  |TAMS 0x000000070f800000, 0x000000070f800000| Untracked 
|  99|0x000000070fa00000, 0x000000070fa00000, 0x000000070fc00000|  0%| F|  |TAMS 0x000000070fa00000, 0x000000070fa00000| Untracked 
| 100|0x000000070fc00000, 0x000000070fc00000, 0x000000070fe00000|  0%| F|  |TAMS 0x000000070fc00000, 0x000000070fc00000| Untracked 
| 101|0x000000070fe00000, 0x000000070fe00000, 0x0000000710000000|  0%| F|  |TAMS 0x000000070fe00000, 0x000000070fe00000| Untracked 
| 102|0x0000000710000000, 0x0000000710000000, 0x0000000710200000|  0%| F|  |TAMS 0x0000000710000000, 0x0000000710000000| Untracked 
| 103|0x0000000710200000, 0x0000000710200000, 0x0000000710400000|  0%| F|  |TAMS 0x0000000710200000, 0x0000000710200000| Untracked 
| 104|0x0000000710400000, 0x0000000710400000, 0x0000000710600000|  0%| F|  |TAMS 0x0000000710400000, 0x0000000710400000| Untracked 
| 105|0x0000000710600000, 0x0000000710600000, 0x0000000710800000|  0%| F|  |TAMS 0x0000000710600000, 0x0000000710600000| Untracked 
| 106|0x0000000710800000, 0x0000000710800000, 0x0000000710a00000|  0%| F|  |TAMS 0x0000000710800000, 0x0000000710800000| Untracked 
| 107|0x0000000710a00000, 0x0000000710a00000, 0x0000000710c00000|  0%| F|  |TAMS 0x0000000710a00000, 0x0000000710a00000| Untracked 
| 108|0x0000000710c00000, 0x0000000710c00000, 0x0000000710e00000|  0%| F|  |TAMS 0x0000000710c00000, 0x0000000710c00000| Untracked 
| 109|0x0000000710e00000, 0x0000000710e00000, 0x0000000711000000|  0%| F|  |TAMS 0x0000000710e00000, 0x0000000710e00000| Untracked 
| 110|0x0000000711000000, 0x0000000711000000, 0x0000000711200000|  0%| F|  |TAMS 0x0000000711000000, 0x0000000711000000| Untracked 
| 111|0x0000000711200000, 0x0000000711200000, 0x0000000711400000|  0%| F|  |TAMS 0x0000000711200000, 0x0000000711200000| Untracked 
| 112|0x0000000711400000, 0x0000000711400000, 0x0000000711600000|  0%| F|  |TAMS 0x0000000711400000, 0x0000000711400000| Untracked 
| 113|0x0000000711600000, 0x0000000711600000, 0x0000000711800000|  0%| F|  |TAMS 0x0000000711600000, 0x0000000711600000| Untracked 
| 114|0x0000000711800000, 0x0000000711800000, 0x0000000711a00000|  0%| F|  |TAMS 0x0000000711800000, 0x0000000711800000| Untracked 
| 115|0x0000000711a00000, 0x0000000711a00000, 0x0000000711c00000|  0%| F|  |TAMS 0x0000000711a00000, 0x0000000711a00000| Untracked 
| 116|0x0000000711c00000, 0x0000000711c00000, 0x0000000711e00000|  0%| F|  |TAMS 0x0000000711c00000, 0x0000000711c00000| Untracked 
| 117|0x0000000711e00000, 0x0000000711e00000, 0x0000000712000000|  0%| F|  |TAMS 0x0000000711e00000, 0x0000000711e00000| Untracked 
| 118|0x0000000712000000, 0x0000000712000000, 0x0000000712200000|  0%| F|  |TAMS 0x0000000712000000, 0x0000000712000000| Untracked 
| 119|0x0000000712200000, 0x0000000712200000, 0x0000000712400000|  0%| F|  |TAMS 0x0000000712200000, 0x0000000712200000| Untracked 
| 120|0x0000000712400000, 0x0000000712400000, 0x0000000712600000|  0%| F|  |TAMS 0x0000000712400000, 0x0000000712400000| Untracked 
| 121|0x0000000712600000, 0x0000000712600000, 0x0000000712800000|  0%| F|  |TAMS 0x0000000712600000, 0x0000000712600000| Untracked 
| 122|0x0000000712800000, 0x0000000712800000, 0x0000000712a00000|  0%| F|  |TAMS 0x0000000712800000, 0x0000000712800000| Untracked 
| 123|0x0000000712a00000, 0x0000000712a00000, 0x0000000712c00000|  0%| F|  |TAMS 0x0000000712a00000, 0x0000000712a00000| Untracked 
| 124|0x0000000712c00000, 0x0000000712c00000, 0x0000000712e00000|  0%| F|  |TAMS 0x0000000712c00000, 0x0000000712c00000| Untracked 
| 125|0x0000000712e00000, 0x0000000713000000, 0x0000000713000000|100%| E|  |TAMS 0x0000000712e00000, 0x0000000712e00000| Complete 
| 126|0x0000000713000000, 0x0000000713200000, 0x0000000713200000|100%| E|CS|TAMS 0x0000000713000000, 0x0000000713000000| Complete 

Card table byte_map: [0x000002189af70000,0x000002189b760000] _byte_map_base: 0x0000021897756000

Marking Bits (Prev, Next): (CMBitMap*) 0x0000021883a63b40, (CMBitMap*) 0x0000021883a63b80
 Prev Bits: [0x000002189bf50000, 0x000002189fe80000)
 Next Bits: [0x000002189fe80000, 0x00000218a3db0000)

Polling page: 0x0000021881890000

Metaspace:

Usage:
  Non-class:    922.01 KB used.
      Class:     86.80 KB used.
       Both:   1008.81 KB used.

Virtual space:
  Non-class space:        8.00 MB reserved,       1.00 MB ( 12%) committed,  1 nodes.
      Class space:        1.00 GB reserved,     128.00 KB ( <1%) committed,  1 nodes.
             Both:        1.01 GB reserved,       1.12 MB ( <1%) committed. 

Chunk freelists:
   Non-Class:  3.72 MB
       Class:  3.72 MB
        Both:  7.44 MB

MaxMetaspaceSize: unlimited
CompressedClassSpaceSize: 1.00 GB
Initial GC threshold: 21.00 MB
Current GC threshold: 21.00 MB
CDS: on
MetaspaceReclaimPolicy: balanced
 - commit_granule_bytes: 65536.
 - commit_granule_words: 8192.
 - virtual_space_node_default_size: 1048576.
 - enlarge_chunks_in_place: 1.
 - new_chunks_are_fully_committed: 0.
 - uncommit_free_chunks: 1.
 - use_allocation_guard: 0.
 - handle_deallocations: 1.


Internal statistics:

num_allocs_failed_limit: 0.
num_arena_births: 8.
num_arena_deaths: 0.
num_vsnodes_births: 2.
num_vsnodes_deaths: 0.
num_space_committed: 18.
num_space_uncommitted: 0.
num_chunks_returned_to_freelist: 0.
num_chunks_taken_from_freelist: 28.
num_chunk_merges: 0.
num_chunk_splits: 18.
num_chunks_enlarged: 12.
num_purges: 0.
num_inconsistent_stats: 0.

CodeHeap 'non-profiled nmethods': size=120000Kb used=82Kb max_used=82Kb free=119917Kb
 bounds [0x0000021892cf0000, 0x0000021892f60000, 0x000002189a220000]
CodeHeap 'profiled nmethods': size=120000Kb used=384Kb max_used=384Kb free=119615Kb
 bounds [0x000002188b7c0000, 0x000002188ba30000, 0x0000021892cf0000]
CodeHeap 'non-nmethods': size=5760Kb used=1098Kb max_used=1112Kb free=4661Kb
 bounds [0x000002188b220000, 0x000002188b490000, 0x000002188b7c0000]
 total_blobs=650 nmethods=277 adapters=286
 compilation: enabled
              stopped_count=0, restarted_count=0
 full_count=0

Compilation events (20 events):
Event: 0.096 Thread 0x00000218a7409520 nmethod 265 0x000002188b81de90 code [0x000002188b81e020, 0x000002188b81e158]
Event: 0.096 Thread 0x00000218a7409520  266       3       java.lang.invoke.MethodType::<init> (15 bytes)
Event: 0.096 Thread 0x00000218a7409520 nmethod 266 0x000002188b81e210 code [0x000002188b81e3c0, 0x000002188b81e5f8]
Event: 0.096 Thread 0x00000218a7409520  270       1       java.lang.invoke.MethodType$ConcurrentWeakInternSet$WeakEntry::hashCode (5 bytes)
Event: 0.096 Thread 0x00000218a7409520 nmethod 270 0x0000021892d03b10 code [0x0000021892d03ca0, 0x0000021892d03d78]
Event: 0.096 Thread 0x00000218a7409520  271       3       java.lang.String::endsWith (15 bytes)
Event: 0.096 Thread 0x00000218a7409520 nmethod 271 0x000002188b81e690 code [0x000002188b81e860, 0x000002188b81eba8]
Event: 0.097 Thread 0x00000218a7408470 nmethod 244 0x0000021892d03e10 code [0x0000021892d03fa0, 0x0000021892d041d8]
Event: 0.097 Thread 0x00000218a7409520  272       3       java.lang.Number::<init> (5 bytes)
Event: 0.097 Thread 0x00000218a7409520 nmethod 272 0x000002188b81ed90 code [0x000002188b81ef20, 0x000002188b81f078]
Event: 0.098 Thread 0x00000218a7409520  273       3       java.io.File::isInvalid (48 bytes)
Event: 0.098 Thread 0x00000218a7409520 nmethod 273 0x000002188b81f110 code [0x000002188b81f300, 0x000002188b81f818]
Event: 0.098 Thread 0x00000218a7409520  274       3       java.util.WeakHashMap::maskNull (12 bytes)
Event: 0.098 Thread 0x00000218a7409520 nmethod 274 0x000002188b81f990 code [0x000002188b81fb20, 0x000002188b81fc58]
Event: 0.098 Thread 0x00000218a7409520  275       3       java.util.WeakHashMap::hash (28 bytes)
Event: 0.098 Thread 0x00000218a7409520 nmethod 275 0x000002188b81fd10 code [0x000002188b81fec0, 0x000002188b8200a8]
Event: 0.098 Thread 0x00000218a7409520  276       1       java.lang.Class::getModule (5 bytes)
Event: 0.098 Thread 0x00000218a7409520 nmethod 276 0x0000021892d04390 code [0x0000021892d04520, 0x0000021892d045f8]
Event: 0.099 Thread 0x00000218a7409520  277       1       jdk.internal.loader.URLClassPath$Loader::getBaseURL (5 bytes)
Event: 0.099 Thread 0x00000218a7409520 nmethod 277 0x0000021892d04690 code [0x0000021892d04820, 0x0000021892d048f8]

GC Heap History (0 events):
No events

Deoptimization events (12 events):
Event: 0.040 Thread 0x0000021883a13020 Uncommon trap: trap_request=0xffffff45 fr.pc=0x0000021892cf0ef8 relative=0x0000000000000078
Event: 0.040 Thread 0x0000021883a13020 Uncommon trap: reason=unstable_if action=reinterpret pc=0x0000021892cf0ef8 method=java.lang.String.isLatin1()Z @ 10 c2
Event: 0.040 Thread 0x0000021883a13020 DEOPT PACKING pc=0x0000021892cf0ef8 sp=0x000000622e3feb20
Event: 0.040 Thread 0x0000021883a13020 DEOPT UNPACKING pc=0x000002188b2723a3 sp=0x000000622e3fea60 mode 2
Event: 0.061 Thread 0x0000021883a13020 DEOPT PACKING pc=0x000002188b7d64e7 sp=0x000000622e3fd140
Event: 0.061 Thread 0x0000021883a13020 DEOPT UNPACKING pc=0x000002188b272b43 sp=0x000000622e3fc560 mode 0
Event: 0.068 Thread 0x0000021883a13020 DEOPT PACKING pc=0x000002188b7c69d1 sp=0x000000622e3f9ea0
Event: 0.068 Thread 0x0000021883a13020 DEOPT UNPACKING pc=0x000002188b272b43 sp=0x000000622e3f9318 mode 0
Event: 0.097 Thread 0x0000021883a13020 Uncommon trap: trap_request=0xffffff45 fr.pc=0x0000021892cf6564 relative=0x0000000000000064
Event: 0.097 Thread 0x0000021883a13020 Uncommon trap: reason=unstable_if action=reinterpret pc=0x0000021892cf6564 method=java.io.WinNTFileSystem.isSlash(C)Z @ 9 c2
Event: 0.097 Thread 0x0000021883a13020 DEOPT PACKING pc=0x0000021892cf6564 sp=0x000000622e3febe0
Event: 0.097 Thread 0x0000021883a13020 DEOPT UNPACKING pc=0x000002188b2723a3 sp=0x000000622e3feb68 mode 2

Classes unloaded (0 events):
No events

Classes redefined (0 events):
No events

Internal exceptions (1 events):
Event: 0.097 Thread 0x0000021883a13020 Exception <a 'java/io/FileNotFoundException'{0x0000000712fd8698}> (0x0000000712fd8698) 
thrown [t:\workspace\open\src\hotspot\share\prims\jni.cpp, line 516]

VM Operations (2 events):
Event: 0.063 Executing VM operation: HandshakeAllThreads
Event: 0.063 Executing VM operation: HandshakeAllThreads done

Events (20 events):
Event: 0.086 loading class java/lang/reflect/Proxy$ProxyBuilder$1 done
Event: 0.086 loading class java/lang/annotation/Target
Event: 0.086 loading class java/lang/annotation/Target done
Event: 0.087 loading class java/lang/CloneNotSupportedException
Event: 0.087 loading class java/lang/CloneNotSupportedException done
Event: 0.087 loading class sun/nio/ch/Interruptible
Event: 0.087 loading class sun/nio/ch/Interruptible done
Event: 0.093 loading class java/io/Reader
Event: 0.093 loading class java/io/Reader done
Event: 0.094 loading class java/io/StringReader
Event: 0.094 loading class java/io/StringReader done
Event: 0.094 loading class java/io/InputStreamReader
Event: 0.094 loading class java/io/InputStreamReader done
Event: 0.094 loading class java/io/BufferedReader
Event: 0.094 loading class java/io/BufferedReader done
Event: 0.095 loading class java/lang/SecurityException
Event: 0.095 loading class java/lang/SecurityException done
Event: 0.097 loading class java/io/FileNotFoundException
Event: 0.097 loading class java/io/FileNotFoundException done
Event: 0.100 Loaded shared library C:\Users\EC-FIGUEROA\.jssc\windows\jSSC-2.7_x86_64.dll


Dynamic libraries:
0x00007ff7999d0000 - 0x00007ff7999e0000 	C:\Program Files\Java\jdk-17.0.1\bin\javaw.exe
0x00007fffa4ef0000 - 0x00007fffa50e8000 	C:\Windows\SYSTEM32\ntdll.dll
0x00007fffa4020000 - 0x00007fffa40df000 	C:\Windows\System32\KERNEL32.DLL
0x00007fffa2c50000 - 0x00007fffa2f46000 	C:\Windows\System32\KERNELBASE.dll
0x00007fffa2780000 - 0x00007fffa2880000 	C:\Windows\System32\ucrtbase.dll
0x00007fff6af80000 - 0x00007fff6af98000 	C:\Program Files\Java\jdk-17.0.1\bin\jli.dll
0x00007fff6a6e0000 - 0x00007fff6a6fa000 	C:\Program Files\Java\jdk-17.0.1\bin\VCRUNTIME140.dll
0x00007fffa3540000 - 0x00007fffa35ef000 	C:\Windows\System32\ADVAPI32.dll
0x00007fffa2fc0000 - 0x00007fffa305e000 	C:\Windows\System32\msvcrt.dll
0x00007fffa4e10000 - 0x00007fffa4eac000 	C:\Windows\System32\sechost.dll
0x00007fffa42f0000 - 0x00007fffa4416000 	C:\Windows\System32\RPCRT4.dll
0x00007fffa40e0000 - 0x00007fffa427d000 	C:\Windows\System32\USER32.dll
0x00007fff92fa0000 - 0x00007fff9323a000 	C:\Windows\WinSxS\amd64_microsoft.windows.common-controls_6595b64144ccf1df_6.0.19041.1110_none_60b5254171f9507e\COMCTL32.dll
0x00007fffa2c20000 - 0x00007fffa2c42000 	C:\Windows\System32\win32u.dll
0x00007fffa4de0000 - 0x00007fffa4e0c000 	C:\Windows\System32\GDI32.dll
0x00007fffa2950000 - 0x00007fffa2a65000 	C:\Windows\System32\gdi32full.dll
0x00007fffa28b0000 - 0x00007fffa294d000 	C:\Windows\System32\msvcp_win.dll
0x00007fff996f0000 - 0x00007fff996fa000 	C:\Windows\SYSTEM32\VERSION.dll
0x00007fffa2f60000 - 0x00007fffa2f90000 	C:\Windows\System32\IMM32.DLL
0x00007fff841c0000 - 0x00007fff841cc000 	C:\Program Files\Java\jdk-17.0.1\bin\vcruntime140_1.dll
0x00007fff69d10000 - 0x00007fff69d9d000 	C:\Program Files\Java\jdk-17.0.1\bin\msvcp140.dll
0x00007fff68980000 - 0x00007fff6953e000 	C:\Program Files\Java\jdk-17.0.1\bin\server\jvm.dll
0x00007fffa4280000 - 0x00007fffa4288000 	C:\Windows\System32\PSAPI.DLL
0x00007fff87e00000 - 0x00007fff87e09000 	C:\Windows\SYSTEM32\WSOCK32.dll
0x00007fff95d10000 - 0x00007fff95d37000 	C:\Windows\SYSTEM32\WINMM.dll
0x00007fffa4ce0000 - 0x00007fffa4d4b000 	C:\Windows\System32\WS2_32.dll
0x00007fffa04a0000 - 0x00007fffa04b2000 	C:\Windows\SYSTEM32\kernel.appcore.dll
0x00007fff9d370000 - 0x00007fff9d37a000 	C:\Program Files\Java\jdk-17.0.1\bin\jimage.dll
0x00007fff96420000 - 0x00007fff96604000 	C:\Windows\SYSTEM32\DBGHELP.DLL
0x00007fff85af0000 - 0x00007fff85b24000 	C:\Windows\SYSTEM32\dbgcore.DLL
0x00007fffa2a70000 - 0x00007fffa2af2000 	C:\Windows\System32\bcryptPrimitives.dll
0x00007fff901b0000 - 0x00007fff901d5000 	C:\Program Files\Java\jdk-17.0.1\bin\java.dll
0x00007fff84c00000 - 0x00007fff84cd6000 	C:\Program Files\Java\jdk-17.0.1\bin\svml.dll
0x00007fffa4590000 - 0x00007fffa4cd4000 	C:\Windows\System32\SHELL32.dll
0x00007fffa06a0000 - 0x00007fffa0e33000 	C:\Windows\SYSTEM32\windows.storage.dll
0x00007fffa3180000 - 0x00007fffa34d4000 	C:\Windows\System32\combase.dll
0x00007fffa2020000 - 0x00007fffa204e000 	C:\Windows\SYSTEM32\Wldp.dll
0x00007fffa3ef0000 - 0x00007fffa3f9d000 	C:\Windows\System32\SHCORE.dll
0x00007fffa34e0000 - 0x00007fffa3535000 	C:\Windows\System32\shlwapi.dll
0x00007fffa2510000 - 0x00007fffa252f000 	C:\Windows\SYSTEM32\profapi.dll
0x00007fff8c030000 - 0x00007fff8c049000 	C:\Program Files\Java\jdk-17.0.1\bin\net.dll
0x00007fff98c30000 - 0x00007fff98d3a000 	C:\Windows\SYSTEM32\WINHTTP.dll
0x00007fffa1d80000 - 0x00007fffa1dea000 	C:\Windows\system32\mswsock.dll
0x00007fff8c010000 - 0x00007fff8c025000 	C:\Program Files\Java\jdk-17.0.1\bin\nio.dll
0x00007fff8bff0000 - 0x00007fff8c008000 	C:\Program Files\Java\jdk-17.0.1\bin\zip.dll
0x00007fff95f80000 - 0x00007fff95f90000 	C:\Program Files\Java\jdk-17.0.1\bin\verify.dll
0x000000006ec40000 - 0x000000006ec65000 	C:\Users\EC-FIGUEROA\.jssc\windows\jSSC-2.7_x86_64.dll

dbghelp: loaded successfully - version: 4.0.5 - missing functions: none
symbol engine: initialized successfully - sym options: 0x614 - pdb path: .;C:\Program Files\Java\jdk-17.0.1\bin;C:\Windows\SYSTEM32;C:\Windows\WinSxS\amd64_microsoft.windows.common-controls_6595b64144ccf1df_6.0.19041.1110_none_60b5254171f9507e;C:\Program Files\Java\jdk-17.0.1\bin\server;C:\Users\EC-FIGUEROA\.jssc\windows

VM Arguments:
jvm_args: -Dfile.encoding=Cp1252 -XX:+ShowCodeDetailsInExceptionMessages 
java_command: rest.omms.UserService
java_class_path (initial): C:\Users\EC-FIGUEROA\Documents\eclipse-workspace\Joblist\build\classes;C:\Users\EC-FIGUEROA\Documents\eclipse-workspace\Joblist\WebContent\WEB-INF\lib\RXTXcomm.jar;C:\Users\EC-FIGUEROA\Documents\eclipse-workspace\Joblist\WebContent\WEB-INF\lib\aopalliance-repackaged-2.5.0-b42.jar;C:\Users\EC-FIGUEROA\Documents\eclipse-workspace\Joblist\WebContent\WEB-INF\lib\cdi-api-1.1.jar;C:\Users\EC-FIGUEROA\Documents\eclipse-workspace\Joblist\WebContent\WEB-INF\lib\comm.jar;C:\Users\EC-FIGUEROA\Documents\eclipse-workspace\Joblist\WebContent\WEB-INF\lib\commons-net-2.0.jar;C:\Users\EC-FIGUEROA\Documents\eclipse-workspace\Joblist\WebContent\WEB-INF\lib\commons-net-3.0.1.jar;C:\Users\EC-FIGUEROA\Documents\eclipse-workspace\Joblist\WebContent\WEB-INF\lib\el-api-2.2.jar;C:\Users\EC-FIGUEROA\Documents\eclipse-workspace\Joblist\WebContent\WEB-INF\lib\google-api-services-drive-v3-rev20220417-1.32.1.jar;C:\Users\EC-FIGUEROA\Documents\eclipse-workspace\Joblist\WebContent\WEB-INF\lib\gson-2.2.2.jar;C:\Users\EC-FIGUEROA\Documents\eclipse-workspace\Joblist\WebContent\WEB-INF\lib\hk2-api-2.5.0-b42.jar;C:\Users\EC-FIGUEROA\Documents\eclipse-workspace\Joblist\WebContent\WEB-INF\lib\hk2-locator-2.5.0-b42.jar;C:\Users\EC-FIGUEROA\Documents\eclipse-workspace\Joblist\WebContent\WEB-INF\lib\hk2-utils-2.5.0-b42.jar;C:\Users\EC-FIGUEROA\Documents\eclipse-workspace\Joblist\WebContent\WEB-INF\lib\jar_files.zip;C:\Users\EC-FIGUEROA\Documents\eclipse-workspace\Joblist\WebContent\WEB-INF\lib\javassist-3.22.0-CR2.jar;C:\Users\EC-FIGUEROA\Documents\eclipse-workspace\Joblist\WebContent\WEB-INF\lib\javax.annotation-api-1.2.jar;C:\Users\EC-FIGUEROA\Documents\eclipse-workspace\Joblist\WebContent\WEB-INF\lib\javax.inject-1.jar;C:\Users\EC-FIGUEROA\Documents\eclipse-workspace\Joblist\WebContent\WEB-INF\lib\javax.inject-2.5.0-b42.jar;C:\Users\EC-FIGUEROA\Documents\eclipse-workspace\Joblist\WebContent\WEB-INF\lib\javax.json-1.1.jar;C:\Users\EC-FIGUEROA\Documents\eclipse-workspace\Joblist
Launcher Type: SUN_STANDARD

[Global flags]
     intx CICompilerCount                          = 4                                         {product} {ergonomic}
     uint ConcGCThreads                            = 3                                         {product} {ergonomic}
     uint G1ConcRefinementThreads                  = 10                                        {product} {ergonomic}
   size_t G1HeapRegionSize                         = 2097152                                   {product} {ergonomic}
    uintx GCDrainStackTargetSize                   = 64                                        {product} {ergonomic}
   size_t InitialHeapSize                          = 266338304                                 {product} {ergonomic}
   size_t MarkStackSize                            = 4194304                                   {product} {ergonomic}
   size_t MaxHeapSize                              = 4240441344                                {product} {ergonomic}
   size_t MaxNewSize                               = 2543845376                                {product} {ergonomic}
   size_t MinHeapDeltaBytes                        = 2097152                                   {product} {ergonomic}
   size_t MinHeapSize                              = 8388608                                   {product} {ergonomic}
    uintx NonNMethodCodeHeapSize                   = 5839372                                {pd product} {ergonomic}
    uintx NonProfiledCodeHeapSize                  = 122909434                              {pd product} {ergonomic}
    uintx ProfiledCodeHeapSize                     = 122909434                              {pd product} {ergonomic}
    uintx ReservedCodeCacheSize                    = 251658240                              {pd product} {ergonomic}
     bool SegmentedCodeCache                       = true                                      {product} {ergonomic}
     bool ShowCodeDetailsInExceptionMessages       = true                                   {manageable} {command line}
   size_t SoftMaxHeapSize                          = 4240441344                             {manageable} {ergonomic}
     bool UseCompressedClassPointers               = true                           {product lp64_product} {ergonomic}
     bool UseCompressedOops                        = true                           {product lp64_product} {ergonomic}
     bool UseG1GC                                  = true                                      {product} {ergonomic}
     bool UseLargePagesIndividualAllocation        = false                                  {pd product} {ergonomic}

Logging:
Log output configuration:
 #0: stdout all=warning uptime,level,tags
 #1: stderr all=off uptime,level,tags

Environment Variables:
PATH=C:/Program Files/Java/jdk-17.0.1/bin/server;C:/Program Files/Java/jdk-17.0.1/bin;C:\Windows\system32;C:\Windows;C:\Windows\System32\Wbem;C:\Windows\System32\WindowsPowerShell\v1.0\;C:\Windows\System32\OpenSSH\;C:\Program Files (x86)\NVIDIA Corporation\PhysX\Common;C:\Program Files\NVIDIA Corporation\NVIDIA NvDLISR;C:\Program Files\dotnet\;C:\Program Files\Git\cmd;C:\Users\EC-FIGUEROA\AppData\Local\Microsoft\WindowsApps;;C:\Windows\system32;
USERNAME=EC-FIGUEROA
OS=Windows_NT
PROCESSOR_IDENTIFIER=AMD64 Family 25 Model 80 Stepping 0, AuthenticAMD



---------------  S Y S T E M  ---------------

OS:
 Windows 10 , 64 bit Build 19041 (10.0.19041.3031)
OS uptime: 13 days 15:56 hours

CPU: total 12 (initial active 12) (12 cores per cpu, 2 threads per core) family 25 model 80 stepping 0 microcode 0x0, cx8, cmov, fxsr, ht, mmx, 3dnowpref, sse, sse2, sse3, ssse3, sse4a, sse4.1, sse4.2, popcnt, lzcnt, tsc, tscinvbit, avx, avx2, aes, erms, clmul, bmi1, bmi2, adx, sha, fma, vzeroupper, clflush, clflushopt

Memory: 4k page, system-wide physical 16175M (5727M free)
TotalPageFile size 22042M (AvailPageFile size 2632M)
current process WorkingSet (physical memory assigned to process): 38M, peak: 38M
current process commit charge ("private bytes"): 350M, peak: 350M

vm_info: Java HotSpot(TM) 64-Bit Server VM (17.0.1+12-LTS-39) for windows-amd64 JRE (17.0.1+12-LTS-39), built on Sep 27 2021 18:41:35 by "mach5one" with MS VC++ 16.8 (VS2019)

END.
