#
# A fatal error has been detected by the Java Runtime Environment:
#
#  EXCEPTION_ACCESS_VIOLATION (0xc0000005) at pc=0x000000007110b5db, pid=13364, tid=14124
#
# JRE version: Java(TM) SE Runtime Environment (17.0.1+12) (build 17.0.1+12-LTS-39)
# Java VM: Java HotSpot(TM) 64-Bit Server VM (17.0.1+12-LTS-39, mixed mode, sharing, tiered, compressed oops, compressed class ptrs, g1 gc, windows-amd64)
# Problematic frame:
# C  [jSSC-2.8_x86_64.dll+0xb5db]
#
# No core dump will be written. Minidumps are not enabled by default on client versions of Windows
#
# If you would like to submit a bug report, please visit:
#   https://bugreport.java.com/bugreport/crash.jsp
# The crash happened outside the Java Virtual Machine in native code.
# See problematic frame for where to report the bug.
#

---------------  S U M M A R Y ------------

Command Line: -Dfile.encoding=Cp1252 -XX:+ShowCodeDetailsInExceptionMessages rest.omms.SMSTranceiver

Host: AMD Ryzen 5 5600G with Radeon Graphics         , 12 cores, 15G,  Windows 10 , 64 bit Build 19041 (10.0.19041.3031)
Time: Thu Jul  6 11:25:10 2023 China Standard Time elapsed time: 0.114552 seconds (0d 0h 0m 0s)

---------------  T H R E A D  ---------------

Current thread (0x0000023861944aa0):  JavaThread "main" [_thread_in_native, id=14124, stack(0x0000009155700000,0x0000009155800000)]

Stack: [0x0000009155700000,0x0000009155800000],  sp=0x00000091557fee80,  free space=1019k
Native frames: (J=compiled Java code, j=interpreted, Vv=VM code, C=native code)
C  [jSSC-2.8_x86_64.dll+0xb5db]

Java frames: (J=compiled Java code, j=interpreted, Vv=VM code)
j  jssc.SerialNativeInterface.openPort(Ljava/lang/String;Z)J+0
j  jssc.SerialPort.openPort()Z+65
j  rest.omms.SMSTranceiver.open(Ljava/lang/String;)V+26
j  rest.omms.SMSTranceiver.deleteAllSMS(Ljava/lang/String;)V+45
j  rest.omms.SMSTranceiver.main([Ljava/lang/String;)V+50
v  ~StubRoutines::call_stub

siginfo: EXCEPTION_ACCESS_VIOLATION (0xc0000005), reading address 0x000000005fb01a78


Register to memory mapping:

RIP=0x000000007110b5db jSSC-2.8_x86_64.dll
RAX=0x000000005fb01a78 is an unknown value
RBX=0x00000091557feef0 is pointing into the stack for thread: 0x0000023861944aa0
RCX=0x00007fffa4f8d294 ntdll.dll
RDX=0x0 is NULL
RSP=0x00000091557fee80 is pointing into the stack for thread: 0x0000023861944aa0
RBP=0x00000091557ff000 is pointing into the stack for thread: 0x0000023861944aa0
RSI=0x0000023861944d48 points into unknown readable memory: 0x00007fff69403630 | 30 36 40 69 ff 7f 00 00
RDI=0x00000000000004bc is an unknown value
R8 =0x00000091557fed78 is pointing into the stack for thread: 0x0000023861944aa0
R9 =0x00000091557fee70 is pointing into the stack for thread: 0x0000023861944aa0
R10=0x0 is NULL
R11=0x0000000000000246 is an unknown value
R12=0x00000091557ff0c0 is pointing into the stack for thread: 0x0000023861944aa0
R13=0x000002380553cf90 points into unknown readable memory: 0x00000000334d4f43 | 43 4f 4d 33 00 00 00 00
R14=0x00000091557fefb0 is pointing into the stack for thread: 0x0000023861944aa0
R15=0x0000023861944aa0 is a thread


Registers:
RAX=0x000000005fb01a78, RBX=0x00000091557feef0, RCX=0x00007fffa4f8d294, RDX=0x0000000000000000
RSP=0x00000091557fee80, RBP=0x00000091557ff000, RSI=0x0000023861944d48, RDI=0x00000000000004bc
R8 =0x00000091557fed78, R9 =0x00000091557fee70, R10=0x0000000000000000, R11=0x0000000000000246
R12=0x00000091557ff0c0, R13=0x000002380553cf90, R14=0x00000091557fefb0, R15=0x0000023861944aa0
RIP=0x000000007110b5db, EFLAGS=0x0000000000010206

Top of Stack: (sp=0x00000091557fee80)
0x00000091557fee80:   000002380574e700 000002380553cd40
0x00000091557fee90:   000000007110b230 000002385f840000
0x00000091557feea0:   000002385f750000 0000000000000004
0x00000091557feeb0:   0000023861944d48 00000000000004bc
0x00000091557feec0:   00000091557ff000 0000000071112590
0x00000091557feed0:   0000023861944aa0 00000091557fefb0
0x00000091557feee0:   000002380553cf90 00000091557ff0c0
0x00000091557feef0:   000002380553cf90 00007fffa4f147b1
0x00000091557fef00:   00000091557fef30 000002385f840000
0x00000091557fef10:   00000091557ff000 0000000000000000
0x00000091557fef20:   0000000071113500 0000000071113be8
0x00000091557fef30:   00000091557fef60 0000000071112641
0x00000091557fef40:   00000091557feed0 0000023861944d48
0x00000091557fef50:   0000000000000000 0000000000000000
0x00000091557fef60:   00000091557ff000 0000000071101595
0x00000091557fef70:   000000000000001c 0000023800000000 

Instructions: (pc=0x000000007110b5db)
0x000000007110b4db:   48 85 c0 74 bf 44 8b 03 45 85 c0 0f 84 77 ff ff
0x000000007110b4eb:   ff eb 9f 66 90 e8 8b fe ff ff 48 89 05 0c 34 01
0x000000007110b4fb:   00 eb ad 66 90 e8 7b fe ff ff 48 89 05 fc 33 01
0x000000007110b50b:   00 eb 8b e8 8d fe ff ff c7 03 01 00 00 00 e9 6f
0x000000007110b51b:   ff ff ff 66 90 55 48 89 e5 56 53 48 83 ec 20 48
0x000000007110b52b:   8b 05 d7 33 01 00 48 8b 31 48 89 cb 48 85 c0 74
0x000000007110b53b:   56 44 8b 18 45 85 db 78 42 48 8b 05 bd 33 01 00
0x000000007110b54b:   48 85 c0 74 50 44 8b 10 45 85 d2 74 1d 48 89 f1
0x000000007110b55b:   e8 d0 fd ff ff 48 8b 13 48 8d 42 40 48 8b 48 08
0x000000007110b56b:   48 8b 6a 40 48 8b 60 10 ff e1 48 8b 05 9c 33 01
0x000000007110b57b:   00 48 85 c0 74 2d 48 89 30 eb da e8 b5 fe ff ff
0x000000007110b58b:   0f 1f 44 00 00 eb b2 e8 e9 fd ff ff 48 89 05 6a
0x000000007110b59b:   33 01 00 eb 9c e8 db fd ff ff 48 89 05 5c 33 01
0x000000007110b5ab:   00 eb a2 e8 3d fd ff ff 48 89 05 5e 33 01 00 eb
0x000000007110b5bb:   c5 0f 1f 40 00 55 57 56 53 48 83 ec 28 48 8b 05
0x000000007110b5cb:   39 33 01 00 48 89 cb 48 85 c0 0f 84 c5 00 00 00
0x000000007110b5db:   8b 38 85 ff 0f 88 ab 00 00 00 48 8b 05 1c 33 01
0x000000007110b5eb:   00 48 85 c0 0f 84 bc 00 00 00 8b 30 85 f6 74 57
0x000000007110b5fb:   48 8b 05 0e 33 01 00 48 85 c0 0f 84 e5 00 00 00
0x000000007110b60b:   8b 28 48 8b 35 10 5e 01 00 ff d6 89 c7 89 e9 ff
0x000000007110b61b:   15 f4 5e 01 00 89 f9 48 89 c5 ff 15 b9 5e 01 00
0x000000007110b62b:   48 8b 05 de 32 01 00 48 89 2b 48 85 c0 74 46 48
0x000000007110b63b:   89 da 8b 08 ff 15 d7 5e 01 00 85 c0 74 27 48 83
0x000000007110b64b:   c4 28 5b 5e 5f 5d c3 48 8b 05 bf 32 01 00 48 85
0x000000007110b65b:   c0 74 64 48 8b 10 48 89 13 48 89 18 48 83 c4 28
0x000000007110b66b:   5b 5e 5f 5d c3 48 89 f2 48 83 c4 28 5b 5e 5f 5d
0x000000007110b67b:   48 ff e2 66 90 e8 8b fc ff ff 48 89 05 84 32 01
0x000000007110b68b:   00 eb ac 66 90 e8 ab fd ff ff e9 4b ff ff ff 66
0x000000007110b69b:   0f 1f 44 00 00 e8 db fc ff ff 48 89 05 5c 32 01
0x000000007110b6ab:   00 e9 2a ff ff ff e8 ca fc ff ff 48 89 05 4b 32
0x000000007110b6bb:   01 00 e9 33 ff ff ff e8 29 fc ff ff 48 89 05 4a
0x000000007110b6cb:   32 01 00 48 8b 10 48 85 c0 48 89 13 75 8b e8 12 


Stack slot to memory mapping:
stack at sp + 0 slots: 0x000002380574e700 points into unknown readable memory: 0x005c002e005c005c | 5c 00 5c 00 2e 00 5c 00
stack at sp + 1 slots: 0x000002380553cd40 points into unknown readable memory: 0x00000238055d8990 | 90 89 5d 05 38 02 00 00
stack at sp + 2 slots: 0x000000007110b230 jSSC-2.8_x86_64.dll
stack at sp + 3 slots: 0x000002385f840000 points into unknown readable memory: 0x0000000000000000 | 00 00 00 00 00 00 00 00
stack at sp + 4 slots: 0x000002385f750000 points into unknown readable memory: 0x0000000000000000 | 00 00 00 00 00 00 00 00
stack at sp + 5 slots: 0x0000000000000004 is an unknown value
stack at sp + 6 slots: 0x0000023861944d48 points into unknown readable memory: 0x00007fff69403630 | 30 36 40 69 ff 7f 00 00
stack at sp + 7 slots: 0x00000000000004bc is an unknown value


---------------  P R O C E S S  ---------------

Threads class SMR info:
_java_thread_list=0x000002380553e5f0, length=12, elements={
0x0000023861944aa0, 0x0000023804982c20, 0x0000023804986240, 0x000002380499a9a0,
0x000002380499c470, 0x000002380499f5d0, 0x00000238049a0ec0, 0x00000238049a7930,
0x00000238049c8790, 0x0000023805408810, 0x0000023805522e50, 0x0000023805541300
}

Java Threads: ( => current thread )
=>0x0000023861944aa0 JavaThread "main" [_thread_in_native, id=14124, stack(0x0000009155700000,0x0000009155800000)]
  0x0000023804982c20 JavaThread "Reference Handler" daemon [_thread_blocked, id=7892, stack(0x0000009155e00000,0x0000009155f00000)]
  0x0000023804986240 JavaThread "Finalizer" daemon [_thread_blocked, id=1612, stack(0x0000009155f00000,0x0000009156000000)]
  0x000002380499a9a0 JavaThread "Signal Dispatcher" daemon [_thread_blocked, id=18492, stack(0x0000009156000000,0x0000009156100000)]
  0x000002380499c470 JavaThread "Attach Listener" daemon [_thread_blocked, id=10808, stack(0x0000009156100000,0x0000009156200000)]
  0x000002380499f5d0 JavaThread "Service Thread" daemon [_thread_blocked, id=19740, stack(0x0000009156200000,0x0000009156300000)]
  0x00000238049a0ec0 JavaThread "Monitor Deflation Thread" daemon [_thread_blocked, id=5332, stack(0x0000009156300000,0x0000009156400000)]
  0x00000238049a7930 JavaThread "C2 CompilerThread0" daemon [_thread_blocked, id=8784, stack(0x0000009156400000,0x0000009156500000)]
  0x00000238049c8790 JavaThread "C1 CompilerThread0" daemon [_thread_blocked, id=20896, stack(0x0000009156500000,0x0000009156600000)]
  0x0000023805408810 JavaThread "Sweeper thread" daemon [_thread_blocked, id=20948, stack(0x0000009156600000,0x0000009156700000)]
  0x0000023805522e50 JavaThread "Notification Thread" daemon [_thread_blocked, id=9128, stack(0x0000009156700000,0x0000009156800000)]
  0x0000023805541300 JavaThread "Common-Cleaner" daemon [_thread_blocked, id=1724, stack(0x0000009156900000,0x0000009156a00000)]

Other Threads:
  0x000002380497d480 VMThread "VM Thread" [stack: 0x0000009155d00000,0x0000009155e00000] [id=20084]
  0x00000238619ad9c0 WatcherThread [stack: 0x0000009156800000,0x0000009156900000] [id=20608]
  0x0000023861993db0 GCTaskThread "GC Thread#0" [stack: 0x0000009155800000,0x0000009155900000] [id=21080]
  0x00000238619a5150 ConcurrentGCThread "G1 Main Marker" [stack: 0x0000009155900000,0x0000009155a00000] [id=19532]
  0x00000238619a5b60 ConcurrentGCThread "G1 Conc#0" [stack: 0x0000009155a00000,0x0000009155b00000] [id=18632]
  0x0000023861a1e700 ConcurrentGCThread "G1 Refine#0" [stack: 0x0000009155b00000,0x0000009155c00000] [id=16248]
  0x0000023804838250 ConcurrentGCThread "G1 Service" [stack: 0x0000009155c00000,0x0000009155d00000] [id=20840]

Threads with active compile tasks:

VM state: not at safepoint (normal execution)

VM Mutex/Monitor currently owned by a thread: None

Heap address: 0x0000000703400000, size: 4044 MB, Compressed Oops mode: Zero based, Oop shift amount: 3

CDS archive(s) mapped at: [0x0000000800000000-0x0000000800bc0000-0x0000000800bc0000), size 12320768, SharedBaseAddress: 0x0000000800000000, ArchiveRelocationMode: 0.
Compressed class space mapped at: 0x0000000800c00000-0x0000000840c00000, reserved size: 1073741824
Narrow klass base: 0x0000000800000000, Narrow klass shift: 0, Narrow klass range: 0x100000000

GC Precious Log:
 CPUs: 12 total, 12 available
 Memory: 16175M
 Large Page Support: Disabled
 NUMA Support: Disabled
 Compressed Oops: Enabled (Zero based)
 Heap Region Size: 2M
 Heap Min Capacity: 8M
 Heap Initial Capacity: 254M
 Heap Max Capacity: 4044M
 Pre-touch: Disabled
 Parallel Workers: 10
 Concurrent Workers: 3
 Concurrent Refinement Workers: 10
 Periodic GC: Disabled

Heap:
 garbage-first heap   total 260096K, used 2048K [0x0000000703400000, 0x0000000800000000)
  region size 2048K, 2 young (4096K), 0 survivors (0K)
 Metaspace       used 975K, committed 1088K, reserved 1056768K
  class space    used 83K, committed 128K, reserved 1048576K

Heap Regions: E=young(eden), S=young(survivor), O=old, HS=humongous(starts), HC=humongous(continues), CS=collection set, F=free, OA=open archive, CA=closed archive, TAMS=top-at-mark-start (previous, next)
|   0|0x0000000703400000, 0x0000000703400000, 0x0000000703600000|  0%| F|  |TAMS 0x0000000703400000, 0x0000000703400000| Untracked 
|   1|0x0000000703600000, 0x0000000703600000, 0x0000000703800000|  0%| F|  |TAMS 0x0000000703600000, 0x0000000703600000| Untracked 
|   2|0x0000000703800000, 0x0000000703800000, 0x0000000703a00000|  0%| F|  |TAMS 0x0000000703800000, 0x0000000703800000| Untracked 
|   3|0x0000000703a00000, 0x0000000703a00000, 0x0000000703c00000|  0%| F|  |TAMS 0x0000000703a00000, 0x0000000703a00000| Untracked 
|   4|0x0000000703c00000, 0x0000000703c00000, 0x0000000703e00000|  0%| F|  |TAMS 0x0000000703c00000, 0x0000000703c00000| Untracked 
|   5|0x0000000703e00000, 0x0000000703e00000, 0x0000000704000000|  0%| F|  |TAMS 0x0000000703e00000, 0x0000000703e00000| Untracked 
|   6|0x0000000704000000, 0x0000000704000000, 0x0000000704200000|  0%| F|  |TAMS 0x0000000704000000, 0x0000000704000000| Untracked 
|   7|0x0000000704200000, 0x0000000704200000, 0x0000000704400000|  0%| F|  |TAMS 0x0000000704200000, 0x0000000704200000| Untracked 
|   8|0x0000000704400000, 0x0000000704400000, 0x0000000704600000|  0%| F|  |TAMS 0x0000000704400000, 0x0000000704400000| Untracked 
|   9|0x0000000704600000, 0x0000000704600000, 0x0000000704800000|  0%| F|  |TAMS 0x0000000704600000, 0x0000000704600000| Untracked 
|  10|0x0000000704800000, 0x0000000704800000, 0x0000000704a00000|  0%| F|  |TAMS 0x0000000704800000, 0x0000000704800000| Untracked 
|  11|0x0000000704a00000, 0x0000000704a00000, 0x0000000704c00000|  0%| F|  |TAMS 0x0000000704a00000, 0x0000000704a00000| Untracked 
|  12|0x0000000704c00000, 0x0000000704c00000, 0x0000000704e00000|  0%| F|  |TAMS 0x0000000704c00000, 0x0000000704c00000| Untracked 
|  13|0x0000000704e00000, 0x0000000704e00000, 0x0000000705000000|  0%| F|  |TAMS 0x0000000704e00000, 0x0000000704e00000| Untracked 
|  14|0x0000000705000000, 0x0000000705000000, 0x0000000705200000|  0%| F|  |TAMS 0x0000000705000000, 0x0000000705000000| Untracked 
|  15|0x0000000705200000, 0x0000000705200000, 0x0000000705400000|  0%| F|  |TAMS 0x0000000705200000, 0x0000000705200000| Untracked 
|  16|0x0000000705400000, 0x0000000705400000, 0x0000000705600000|  0%| F|  |TAMS 0x0000000705400000, 0x0000000705400000| Untracked 
|  17|0x0000000705600000, 0x0000000705600000, 0x0000000705800000|  0%| F|  |TAMS 0x0000000705600000, 0x0000000705600000| Untracked 
|  18|0x0000000705800000, 0x0000000705800000, 0x0000000705a00000|  0%| F|  |TAMS 0x0000000705800000, 0x0000000705800000| Untracked 
|  19|0x0000000705a00000, 0x0000000705a00000, 0x0000000705c00000|  0%| F|  |TAMS 0x0000000705a00000, 0x0000000705a00000| Untracked 
|  20|0x0000000705c00000, 0x0000000705c00000, 0x0000000705e00000|  0%| F|  |TAMS 0x0000000705c00000, 0x0000000705c00000| Untracked 
|  21|0x0000000705e00000, 0x0000000705e00000, 0x0000000706000000|  0%| F|  |TAMS 0x0000000705e00000, 0x0000000705e00000| Untracked 
|  22|0x0000000706000000, 0x0000000706000000, 0x0000000706200000|  0%| F|  |TAMS 0x0000000706000000, 0x0000000706000000| Untracked 
|  23|0x0000000706200000, 0x0000000706200000, 0x0000000706400000|  0%| F|  |TAMS 0x0000000706200000, 0x0000000706200000| Untracked 
|  24|0x0000000706400000, 0x0000000706400000, 0x0000000706600000|  0%| F|  |TAMS 0x0000000706400000, 0x0000000706400000| Untracked 
|  25|0x0000000706600000, 0x0000000706600000, 0x0000000706800000|  0%| F|  |TAMS 0x0000000706600000, 0x0000000706600000| Untracked 
|  26|0x0000000706800000, 0x0000000706800000, 0x0000000706a00000|  0%| F|  |TAMS 0x0000000706800000, 0x0000000706800000| Untracked 
|  27|0x0000000706a00000, 0x0000000706a00000, 0x0000000706c00000|  0%| F|  |TAMS 0x0000000706a00000, 0x0000000706a00000| Untracked 
|  28|0x0000000706c00000, 0x0000000706c00000, 0x0000000706e00000|  0%| F|  |TAMS 0x0000000706c00000, 0x0000000706c00000| Untracked 
|  29|0x0000000706e00000, 0x0000000706e00000, 0x0000000707000000|  0%| F|  |TAMS 0x0000000706e00000, 0x0000000706e00000| Untracked 
|  30|0x0000000707000000, 0x0000000707000000, 0x0000000707200000|  0%| F|  |TAMS 0x0000000707000000, 0x0000000707000000| Untracked 
|  31|0x0000000707200000, 0x0000000707200000, 0x0000000707400000|  0%| F|  |TAMS 0x0000000707200000, 0x0000000707200000| Untracked 
|  32|0x0000000707400000, 0x0000000707400000, 0x0000000707600000|  0%| F|  |TAMS 0x0000000707400000, 0x0000000707400000| Untracked 
|  33|0x0000000707600000, 0x0000000707600000, 0x0000000707800000|  0%| F|  |TAMS 0x0000000707600000, 0x0000000707600000| Untracked 
|  34|0x0000000707800000, 0x0000000707800000, 0x0000000707a00000|  0%| F|  |TAMS 0x0000000707800000, 0x0000000707800000| Untracked 
|  35|0x0000000707a00000, 0x0000000707a00000, 0x0000000707c00000|  0%| F|  |TAMS 0x0000000707a00000, 0x0000000707a00000| Untracked 
|  36|0x0000000707c00000, 0x0000000707c00000, 0x0000000707e00000|  0%| F|  |TAMS 0x0000000707c00000, 0x0000000707c00000| Untracked 
|  37|0x0000000707e00000, 0x0000000707e00000, 0x0000000708000000|  0%| F|  |TAMS 0x0000000707e00000, 0x0000000707e00000| Untracked 
|  38|0x0000000708000000, 0x0000000708000000, 0x0000000708200000|  0%| F|  |TAMS 0x0000000708000000, 0x0000000708000000| Untracked 
|  39|0x0000000708200000, 0x0000000708200000, 0x0000000708400000|  0%| F|  |TAMS 0x0000000708200000, 0x0000000708200000| Untracked 
|  40|0x0000000708400000, 0x0000000708400000, 0x0000000708600000|  0%| F|  |TAMS 0x0000000708400000, 0x0000000708400000| Untracked 
|  41|0x0000000708600000, 0x0000000708600000, 0x0000000708800000|  0%| F|  |TAMS 0x0000000708600000, 0x0000000708600000| Untracked 
|  42|0x0000000708800000, 0x0000000708800000, 0x0000000708a00000|  0%| F|  |TAMS 0x0000000708800000, 0x0000000708800000| Untracked 
|  43|0x0000000708a00000, 0x0000000708a00000, 0x0000000708c00000|  0%| F|  |TAMS 0x0000000708a00000, 0x0000000708a00000| Untracked 
|  44|0x0000000708c00000, 0x0000000708c00000, 0x0000000708e00000|  0%| F|  |TAMS 0x0000000708c00000, 0x0000000708c00000| Untracked 
|  45|0x0000000708e00000, 0x0000000708e00000, 0x0000000709000000|  0%| F|  |TAMS 0x0000000708e00000, 0x0000000708e00000| Untracked 
|  46|0x0000000709000000, 0x0000000709000000, 0x0000000709200000|  0%| F|  |TAMS 0x0000000709000000, 0x0000000709000000| Untracked 
|  47|0x0000000709200000, 0x0000000709200000, 0x0000000709400000|  0%| F|  |TAMS 0x0000000709200000, 0x0000000709200000| Untracked 
|  48|0x0000000709400000, 0x0000000709400000, 0x0000000709600000|  0%| F|  |TAMS 0x0000000709400000, 0x0000000709400000| Untracked 
|  49|0x0000000709600000, 0x0000000709600000, 0x0000000709800000|  0%| F|  |TAMS 0x0000000709600000, 0x0000000709600000| Untracked 
|  50|0x0000000709800000, 0x0000000709800000, 0x0000000709a00000|  0%| F|  |TAMS 0x0000000709800000, 0x0000000709800000| Untracked 
|  51|0x0000000709a00000, 0x0000000709a00000, 0x0000000709c00000|  0%| F|  |TAMS 0x0000000709a00000, 0x0000000709a00000| Untracked 
|  52|0x0000000709c00000, 0x0000000709c00000, 0x0000000709e00000|  0%| F|  |TAMS 0x0000000709c00000, 0x0000000709c00000| Untracked 
|  53|0x0000000709e00000, 0x0000000709e00000, 0x000000070a000000|  0%| F|  |TAMS 0x0000000709e00000, 0x0000000709e00000| Untracked 
|  54|0x000000070a000000, 0x000000070a000000, 0x000000070a200000|  0%| F|  |TAMS 0x000000070a000000, 0x000000070a000000| Untracked 
|  55|0x000000070a200000, 0x000000070a200000, 0x000000070a400000|  0%| F|  |TAMS 0x000000070a200000, 0x000000070a200000| Untracked 
|  56|0x000000070a400000, 0x000000070a400000, 0x000000070a600000|  0%| F|  |TAMS 0x000000070a400000, 0x000000070a400000| Untracked 
|  57|0x000000070a600000, 0x000000070a600000, 0x000000070a800000|  0%| F|  |TAMS 0x000000070a600000, 0x000000070a600000| Untracked 
|  58|0x000000070a800000, 0x000000070a800000, 0x000000070aa00000|  0%| F|  |TAMS 0x000000070a800000, 0x000000070a800000| Untracked 
|  59|0x000000070aa00000, 0x000000070aa00000, 0x000000070ac00000|  0%| F|  |TAMS 0x000000070aa00000, 0x000000070aa00000| Untracked 
|  60|0x000000070ac00000, 0x000000070ac00000, 0x000000070ae00000|  0%| F|  |TAMS 0x000000070ac00000, 0x000000070ac00000| Untracked 
|  61|0x000000070ae00000, 0x000000070ae00000, 0x000000070b000000|  0%| F|  |TAMS 0x000000070ae00000, 0x000000070ae00000| Untracked 
|  62|0x000000070b000000, 0x000000070b000000, 0x000000070b200000|  0%| F|  |TAMS 0x000000070b000000, 0x000000070b000000| Untracked 
|  63|0x000000070b200000, 0x000000070b200000, 0x000000070b400000|  0%| F|  |TAMS 0x000000070b200000, 0x000000070b200000| Untracked 
|  64|0x000000070b400000, 0x000000070b400000, 0x000000070b600000|  0%| F|  |TAMS 0x000000070b400000, 0x000000070b400000| Untracked 
|  65|0x000000070b600000, 0x000000070b600000, 0x000000070b800000|  0%| F|  |TAMS 0x000000070b600000, 0x000000070b600000| Untracked 
|  66|0x000000070b800000, 0x000000070b800000, 0x000000070ba00000|  0%| F|  |TAMS 0x000000070b800000, 0x000000070b800000| Untracked 
|  67|0x000000070ba00000, 0x000000070ba00000, 0x000000070bc00000|  0%| F|  |TAMS 0x000000070ba00000, 0x000000070ba00000| Untracked 
|  68|0x000000070bc00000, 0x000000070bc00000, 0x000000070be00000|  0%| F|  |TAMS 0x000000070bc00000, 0x000000070bc00000| Untracked 
|  69|0x000000070be00000, 0x000000070be00000, 0x000000070c000000|  0%| F|  |TAMS 0x000000070be00000, 0x000000070be00000| Untracked 
|  70|0x000000070c000000, 0x000000070c000000, 0x000000070c200000|  0%| F|  |TAMS 0x000000070c000000, 0x000000070c000000| Untracked 
|  71|0x000000070c200000, 0x000000070c200000, 0x000000070c400000|  0%| F|  |TAMS 0x000000070c200000, 0x000000070c200000| Untracked 
|  72|0x000000070c400000, 0x000000070c400000, 0x000000070c600000|  0%| F|  |TAMS 0x000000070c400000, 0x000000070c400000| Untracked 
|  73|0x000000070c600000, 0x000000070c600000, 0x000000070c800000|  0%| F|  |TAMS 0x000000070c600000, 0x000000070c600000| Untracked 
|  74|0x000000070c800000, 0x000000070c800000, 0x000000070ca00000|  0%| F|  |TAMS 0x000000070c800000, 0x000000070c800000| Untracked 
|  75|0x000000070ca00000, 0x000000070ca00000, 0x000000070cc00000|  0%| F|  |TAMS 0x000000070ca00000, 0x000000070ca00000| Untracked 
|  76|0x000000070cc00000, 0x000000070cc00000, 0x000000070ce00000|  0%| F|  |TAMS 0x000000070cc00000, 0x000000070cc00000| Untracked 
|  77|0x000000070ce00000, 0x000000070ce00000, 0x000000070d000000|  0%| F|  |TAMS 0x000000070ce00000, 0x000000070ce00000| Untracked 
|  78|0x000000070d000000, 0x000000070d000000, 0x000000070d200000|  0%| F|  |TAMS 0x000000070d000000, 0x000000070d000000| Untracked 
|  79|0x000000070d200000, 0x000000070d200000, 0x000000070d400000|  0%| F|  |TAMS 0x000000070d200000, 0x000000070d200000| Untracked 
|  80|0x000000070d400000, 0x000000070d400000, 0x000000070d600000|  0%| F|  |TAMS 0x000000070d400000, 0x000000070d400000| Untracked 
|  81|0x000000070d600000, 0x000000070d600000, 0x000000070d800000|  0%| F|  |TAMS 0x000000070d600000, 0x000000070d600000| Untracked 
|  82|0x000000070d800000, 0x000000070d800000, 0x000000070da00000|  0%| F|  |TAMS 0x000000070d800000, 0x000000070d800000| Untracked 
|  83|0x000000070da00000, 0x000000070da00000, 0x000000070dc00000|  0%| F|  |TAMS 0x000000070da00000, 0x000000070da00000| Untracked 
|  84|0x000000070dc00000, 0x000000070dc00000, 0x000000070de00000|  0%| F|  |TAMS 0x000000070dc00000, 0x000000070dc00000| Untracked 
|  85|0x000000070de00000, 0x000000070de00000, 0x000000070e000000|  0%| F|  |TAMS 0x000000070de00000, 0x000000070de00000| Untracked 
|  86|0x000000070e000000, 0x000000070e000000, 0x000000070e200000|  0%| F|  |TAMS 0x000000070e000000, 0x000000070e000000| Untracked 
|  87|0x000000070e200000, 0x000000070e200000, 0x000000070e400000|  0%| F|  |TAMS 0x000000070e200000, 0x000000070e200000| Untracked 
|  88|0x000000070e400000, 0x000000070e400000, 0x000000070e600000|  0%| F|  |TAMS 0x000000070e400000, 0x000000070e400000| Untracked 
|  89|0x000000070e600000, 0x000000070e600000, 0x000000070e800000|  0%| F|  |TAMS 0x000000070e600000, 0x000000070e600000| Untracked 
|  90|0x000000070e800000, 0x000000070e800000, 0x000000070ea00000|  0%| F|  |TAMS 0x000000070e800000, 0x000000070e800000| Untracked 
|  91|0x000000070ea00000, 0x000000070ea00000, 0x000000070ec00000|  0%| F|  |TAMS 0x000000070ea00000, 0x000000070ea00000| Untracked 
|  92|0x000000070ec00000, 0x000000070ec00000, 0x000000070ee00000|  0%| F|  |TAMS 0x000000070ec00000, 0x000000070ec00000| Untracked 
|  93|0x000000070ee00000, 0x000000070ee00000, 0x000000070f000000|  0%| F|  |TAMS 0x000000070ee00000, 0x000000070ee00000| Untracked 
|  94|0x000000070f000000, 0x000000070f000000, 0x000000070f200000|  0%| F|  |TAMS 0x000000070f000000, 0x000000070f000000| Untracked 
|  95|0x000000070f200000, 0x000000070f200000, 0x000000070f400000|  0%| F|  |TAMS 0x000000070f200000, 0x000000070f200000| Untracked 
|  96|0x000000070f400000, 0x000000070f400000, 0x000000070f600000|  0%| F|  |TAMS 0x000000070f400000, 0x000000070f400000| Untracked 
|  97|0x000000070f600000, 0x000000070f600000, 0x000000070f800000|  0%| F|  |TAMS 0x000000070f600000, 0x000000070f600000| Untracked 
|  98|0x000000070f800000, 0x000000070f800000, 0x000000070fa00000|  0%| F|  |TAMS 0x000000070f800000, 0x000000070f800000| Untracked 
|  99|0x000000070fa00000, 0x000000070fa00000, 0x000000070fc00000|  0%| F|  |TAMS 0x000000070fa00000, 0x000000070fa00000| Untracked 
| 100|0x000000070fc00000, 0x000000070fc00000, 0x000000070fe00000|  0%| F|  |TAMS 0x000000070fc00000, 0x000000070fc00000| Untracked 
| 101|0x000000070fe00000, 0x000000070fe00000, 0x0000000710000000|  0%| F|  |TAMS 0x000000070fe00000, 0x000000070fe00000| Untracked 
| 102|0x0000000710000000, 0x0000000710000000, 0x0000000710200000|  0%| F|  |TAMS 0x0000000710000000, 0x0000000710000000| Untracked 
| 103|0x0000000710200000, 0x0000000710200000, 0x0000000710400000|  0%| F|  |TAMS 0x0000000710200000, 0x0000000710200000| Untracked 
| 104|0x0000000710400000, 0x0000000710400000, 0x0000000710600000|  0%| F|  |TAMS 0x0000000710400000, 0x0000000710400000| Untracked 
| 105|0x0000000710600000, 0x0000000710600000, 0x0000000710800000|  0%| F|  |TAMS 0x0000000710600000, 0x0000000710600000| Untracked 
| 106|0x0000000710800000, 0x0000000710800000, 0x0000000710a00000|  0%| F|  |TAMS 0x0000000710800000, 0x0000000710800000| Untracked 
| 107|0x0000000710a00000, 0x0000000710a00000, 0x0000000710c00000|  0%| F|  |TAMS 0x0000000710a00000, 0x0000000710a00000| Untracked 
| 108|0x0000000710c00000, 0x0000000710c00000, 0x0000000710e00000|  0%| F|  |TAMS 0x0000000710c00000, 0x0000000710c00000| Untracked 
| 109|0x0000000710e00000, 0x0000000710e00000, 0x0000000711000000|  0%| F|  |TAMS 0x0000000710e00000, 0x0000000710e00000| Untracked 
| 110|0x0000000711000000, 0x0000000711000000, 0x0000000711200000|  0%| F|  |TAMS 0x0000000711000000, 0x0000000711000000| Untracked 
| 111|0x0000000711200000, 0x0000000711200000, 0x0000000711400000|  0%| F|  |TAMS 0x0000000711200000, 0x0000000711200000| Untracked 
| 112|0x0000000711400000, 0x0000000711400000, 0x0000000711600000|  0%| F|  |TAMS 0x0000000711400000, 0x0000000711400000| Untracked 
| 113|0x0000000711600000, 0x0000000711600000, 0x0000000711800000|  0%| F|  |TAMS 0x0000000711600000, 0x0000000711600000| Untracked 
| 114|0x0000000711800000, 0x0000000711800000, 0x0000000711a00000|  0%| F|  |TAMS 0x0000000711800000, 0x0000000711800000| Untracked 
| 115|0x0000000711a00000, 0x0000000711a00000, 0x0000000711c00000|  0%| F|  |TAMS 0x0000000711a00000, 0x0000000711a00000| Untracked 
| 116|0x0000000711c00000, 0x0000000711c00000, 0x0000000711e00000|  0%| F|  |TAMS 0x0000000711c00000, 0x0000000711c00000| Untracked 
| 117|0x0000000711e00000, 0x0000000711e00000, 0x0000000712000000|  0%| F|  |TAMS 0x0000000711e00000, 0x0000000711e00000| Untracked 
| 118|0x0000000712000000, 0x0000000712000000, 0x0000000712200000|  0%| F|  |TAMS 0x0000000712000000, 0x0000000712000000| Untracked 
| 119|0x0000000712200000, 0x0000000712200000, 0x0000000712400000|  0%| F|  |TAMS 0x0000000712200000, 0x0000000712200000| Untracked 
| 120|0x0000000712400000, 0x0000000712400000, 0x0000000712600000|  0%| F|  |TAMS 0x0000000712400000, 0x0000000712400000| Untracked 
| 121|0x0000000712600000, 0x0000000712600000, 0x0000000712800000|  0%| F|  |TAMS 0x0000000712600000, 0x0000000712600000| Untracked 
| 122|0x0000000712800000, 0x0000000712800000, 0x0000000712a00000|  0%| F|  |TAMS 0x0000000712800000, 0x0000000712800000| Untracked 
| 123|0x0000000712a00000, 0x0000000712a00000, 0x0000000712c00000|  0%| F|  |TAMS 0x0000000712a00000, 0x0000000712a00000| Untracked 
| 124|0x0000000712c00000, 0x0000000712c00000, 0x0000000712e00000|  0%| F|  |TAMS 0x0000000712c00000, 0x0000000712c00000| Untracked 
| 125|0x0000000712e00000, 0x0000000713000000, 0x0000000713000000|100%| E|  |TAMS 0x0000000712e00000, 0x0000000712e00000| Complete 
| 126|0x0000000713000000, 0x0000000713200000, 0x0000000713200000|100%| E|CS|TAMS 0x0000000713000000, 0x0000000713000000| Complete 

Card table byte_map: [0x0000023878e90000,0x0000023879680000] _byte_map_base: 0x0000023875676000

Marking Bits (Prev, Next): (CMBitMap*) 0x00000238619943c0, (CMBitMap*) 0x0000023861994400
 Prev Bits: [0x0000023879e70000, 0x000002387dda0000)
 Next Bits: [0x0000023800000000, 0x0000023803f30000)

Polling page: 0x000002385faf0000

Metaspace:

Usage:
  Non-class:    891.32 KB used.
      Class:     83.95 KB used.
       Both:    975.27 KB used.

Virtual space:
  Non-class space:        8.00 MB reserved,     960.00 KB ( 12%) committed,  1 nodes.
      Class space:        1.00 GB reserved,     128.00 KB ( <1%) committed,  1 nodes.
             Both:        1.01 GB reserved,       1.06 MB ( <1%) committed. 

Chunk freelists:
   Non-Class:  3.75 MB
       Class:  3.72 MB
        Both:  7.47 MB

MaxMetaspaceSize: unlimited
CompressedClassSpaceSize: 1.00 GB
Initial GC threshold: 21.00 MB
Current GC threshold: 21.00 MB
CDS: on
MetaspaceReclaimPolicy: balanced
 - commit_granule_bytes: 65536.
 - commit_granule_words: 8192.
 - virtual_space_node_default_size: 1048576.
 - enlarge_chunks_in_place: 1.
 - new_chunks_are_fully_committed: 0.
 - uncommit_free_chunks: 1.
 - use_allocation_guard: 0.
 - handle_deallocations: 1.


Internal statistics:

num_allocs_failed_limit: 0.
num_arena_births: 6.
num_arena_deaths: 0.
num_vsnodes_births: 2.
num_vsnodes_deaths: 0.
num_space_committed: 17.
num_space_uncommitted: 0.
num_chunks_returned_to_freelist: 0.
num_chunks_taken_from_freelist: 23.
num_chunk_merges: 0.
num_chunk_splits: 13.
num_chunks_enlarged: 13.
num_purges: 0.
num_inconsistent_stats: 0.

CodeHeap 'non-profiled nmethods': size=120000Kb used=81Kb max_used=81Kb free=119918Kb
 bounds [0x0000023870c20000, 0x0000023870e90000, 0x0000023878150000]
CodeHeap 'profiled nmethods': size=120000Kb used=407Kb max_used=407Kb free=119592Kb
 bounds [0x00000238696f0000, 0x0000023869960000, 0x0000023870c20000]
CodeHeap 'non-nmethods': size=5760Kb used=1098Kb max_used=1113Kb free=4661Kb
 bounds [0x0000023869150000, 0x00000238693c0000, 0x00000238696f0000]
 total_blobs=657 nmethods=284 adapters=286
 compilation: enabled
              stopped_count=0, restarted_count=0
 full_count=0

Compilation events (20 events):
Event: 0.094 Thread 0x00000238049a7930  249       4       java.util.zip.ZipFile$Source::isMetaName (141 bytes)
Event: 0.094 Thread 0x00000238049c8790  275   !   3       org.json.JSONTokener::next (68 bytes)
Event: 0.094 Thread 0x00000238049c8790 nmethod 275 0x0000023869752410 code [0x00000238697525e0, 0x0000023869752968]
Event: 0.094 Thread 0x00000238049c8790  276       3       org.json.JSONTokener::incrementIndexes (98 bytes)
Event: 0.094 Thread 0x00000238049c8790 nmethod 276 0x0000023869752b10 code [0x0000023869752cc0, 0x0000023869752fb8]
Event: 0.094 Thread 0x00000238049c8790  277       3       java.lang.ClassLoader::checkName (37 bytes)
Event: 0.095 Thread 0x00000238049c8790 nmethod 277 0x0000023869753090 code [0x00000238697532e0, 0x0000023869753cd8]
Event: 0.095 Thread 0x00000238049c8790  278       3       java.lang.String::replace (42 bytes)
Event: 0.095 Thread 0x00000238049a7930 nmethod 249 0x0000023870c33790 code [0x0000023870c33920, 0x0000023870c33b58]
Event: 0.095 Thread 0x00000238049c8790 nmethod 278 0x0000023869754010 code [0x00000238697541e0, 0x0000023869754518]
Event: 0.095 Thread 0x00000238049c8790  279       3       java.lang.String::endsWith (15 bytes)
Event: 0.095 Thread 0x00000238049c8790 nmethod 279 0x0000023869754610 code [0x00000238697547e0, 0x0000023869754b28]
Event: 0.095 Thread 0x00000238049c8790  280       3       java.util.WeakHashMap::maskNull (12 bytes)
Event: 0.095 Thread 0x00000238049c8790 nmethod 280 0x0000023869754d10 code [0x0000023869754ea0, 0x0000023869754fd8]
Event: 0.095 Thread 0x00000238049c8790  281       3       java.util.WeakHashMap::hash (28 bytes)
Event: 0.095 Thread 0x00000238049c8790 nmethod 281 0x0000023869755090 code [0x0000023869755240, 0x0000023869755428]
Event: 0.096 Thread 0x00000238049c8790  283       1       java.lang.Class::getModule (5 bytes)
Event: 0.096 Thread 0x00000238049c8790 nmethod 283 0x0000023870c34190 code [0x0000023870c34320, 0x0000023870c343f8]
Event: 0.097 Thread 0x00000238049c8790  284       3       java.io.File::isInvalid (48 bytes)
Event: 0.097 Thread 0x00000238049c8790 nmethod 284 0x0000023869755510 code [0x0000023869755700, 0x0000023869755c18]

GC Heap History (0 events):
No events

Deoptimization events (12 events):
Event: 0.040 Thread 0x0000023861944aa0 Uncommon trap: trap_request=0xffffff45 fr.pc=0x0000023870c20ef8 relative=0x0000000000000078
Event: 0.040 Thread 0x0000023861944aa0 Uncommon trap: reason=unstable_if action=reinterpret pc=0x0000023870c20ef8 method=java.lang.String.isLatin1()Z @ 10 c2
Event: 0.040 Thread 0x0000023861944aa0 DEOPT PACKING pc=0x0000023870c20ef8 sp=0x00000091557fece0
Event: 0.040 Thread 0x0000023861944aa0 DEOPT UNPACKING pc=0x00000238691a23a3 sp=0x00000091557fec20 mode 2
Event: 0.059 Thread 0x0000023861944aa0 DEOPT PACKING pc=0x0000023869707de7 sp=0x00000091557fa080
Event: 0.059 Thread 0x0000023861944aa0 DEOPT UNPACKING pc=0x00000238691a2b43 sp=0x00000091557f94a0 mode 0
Event: 0.066 Thread 0x0000023861944aa0 DEOPT PACKING pc=0x00000238696f7051 sp=0x00000091557fa060
Event: 0.066 Thread 0x0000023861944aa0 DEOPT UNPACKING pc=0x00000238691a2b43 sp=0x00000091557f94d8 mode 0
Event: 0.094 Thread 0x0000023861944aa0 Uncommon trap: trap_request=0xffffff45 fr.pc=0x0000023870c26564 relative=0x0000000000000064
Event: 0.094 Thread 0x0000023861944aa0 Uncommon trap: reason=unstable_if action=reinterpret pc=0x0000023870c26564 method=java.io.WinNTFileSystem.isSlash(C)Z @ 9 c2
Event: 0.094 Thread 0x0000023861944aa0 DEOPT PACKING pc=0x0000023870c26564 sp=0x00000091557fee00
Event: 0.094 Thread 0x0000023861944aa0 DEOPT UNPACKING pc=0x00000238691a23a3 sp=0x00000091557fed88 mode 2

Classes unloaded (0 events):
No events

Classes redefined (0 events):
No events

Internal exceptions (1 events):
Event: 0.094 Thread 0x0000023861944aa0 Exception <a 'java/io/FileNotFoundException'{0x0000000712fc9ea0}> (0x0000000712fc9ea0) 
thrown [t:\workspace\open\src\hotspot\share\prims\jni.cpp, line 516]

VM Operations (4 events):
Event: 0.060 Executing VM operation: HandshakeAllThreads
Event: 0.060 Executing VM operation: HandshakeAllThreads done
Event: 0.068 Executing VM operation: HandshakeAllThreads
Event: 0.068 Executing VM operation: HandshakeAllThreads done

Events (20 events):
Event: 0.084 loading class java/lang/CloneNotSupportedException
Event: 0.084 loading class java/lang/CloneNotSupportedException done
Event: 0.084 loading class sun/nio/ch/Interruptible
Event: 0.084 loading class sun/nio/ch/Interruptible done
Event: 0.085 Loaded shared library C:\Program Files\Java\jdk-17.0.1\bin\jimage.dll
Event: 0.086 loading class jdk/internal/jimage/ImageLocation
Event: 0.086 loading class jdk/internal/jimage/ImageLocation done
Event: 0.091 loading class java/io/Reader
Event: 0.091 loading class java/io/Reader done
Event: 0.091 loading class java/io/StringReader
Event: 0.091 loading class java/io/StringReader done
Event: 0.091 loading class java/io/InputStreamReader
Event: 0.091 loading class java/io/InputStreamReader done
Event: 0.091 loading class java/io/BufferedReader
Event: 0.091 loading class java/io/BufferedReader done
Event: 0.092 loading class java/lang/SecurityException
Event: 0.092 loading class java/lang/SecurityException done
Event: 0.094 loading class java/io/FileNotFoundException
Event: 0.094 loading class java/io/FileNotFoundException done
Event: 0.097 Loaded shared library C:\Users\EC-FIGUEROA\.jssc\windows\jSSC-2.8_x86_64.dll


Dynamic libraries:
0x00007ff7999d0000 - 0x00007ff7999e0000 	C:\Program Files\Java\jdk-17.0.1\bin\javaw.exe
0x00007fffa4ef0000 - 0x00007fffa50e8000 	C:\Windows\SYSTEM32\ntdll.dll
0x00007fffa4020000 - 0x00007fffa40df000 	C:\Windows\System32\KERNEL32.DLL
0x00007fffa2c50000 - 0x00007fffa2f46000 	C:\Windows\System32\KERNELBASE.dll
0x00007fffa2780000 - 0x00007fffa2880000 	C:\Windows\System32\ucrtbase.dll
0x00007fff6a6e0000 - 0x00007fff6a6fa000 	C:\Program Files\Java\jdk-17.0.1\bin\VCRUNTIME140.dll
0x00007fff6af80000 - 0x00007fff6af98000 	C:\Program Files\Java\jdk-17.0.1\bin\jli.dll
0x00007fffa3540000 - 0x00007fffa35ef000 	C:\Windows\System32\ADVAPI32.dll
0x00007fffa2fc0000 - 0x00007fffa305e000 	C:\Windows\System32\msvcrt.dll
0x00007fffa4e10000 - 0x00007fffa4eac000 	C:\Windows\System32\sechost.dll
0x00007fffa42f0000 - 0x00007fffa4416000 	C:\Windows\System32\RPCRT4.dll
0x00007fffa40e0000 - 0x00007fffa427d000 	C:\Windows\System32\USER32.dll
0x00007fffa2c20000 - 0x00007fffa2c42000 	C:\Windows\System32\win32u.dll
0x00007fff92fa0000 - 0x00007fff9323a000 	C:\Windows\WinSxS\amd64_microsoft.windows.common-controls_6595b64144ccf1df_6.0.19041.1110_none_60b5254171f9507e\COMCTL32.dll
0x00007fffa4de0000 - 0x00007fffa4e0c000 	C:\Windows\System32\GDI32.dll
0x00007fffa2950000 - 0x00007fffa2a65000 	C:\Windows\System32\gdi32full.dll
0x00007fffa28b0000 - 0x00007fffa294d000 	C:\Windows\System32\msvcp_win.dll
0x00007fff996f0000 - 0x00007fff996fa000 	C:\Windows\SYSTEM32\VERSION.dll
0x00007fffa2f60000 - 0x00007fffa2f90000 	C:\Windows\System32\IMM32.DLL
0x00007fff841c0000 - 0x00007fff841cc000 	C:\Program Files\Java\jdk-17.0.1\bin\vcruntime140_1.dll
0x00007fff69d10000 - 0x00007fff69d9d000 	C:\Program Files\Java\jdk-17.0.1\bin\msvcp140.dll
0x00007fff68980000 - 0x00007fff6953e000 	C:\Program Files\Java\jdk-17.0.1\bin\server\jvm.dll
0x00007fffa4280000 - 0x00007fffa4288000 	C:\Windows\System32\PSAPI.DLL
0x00007fff87e00000 - 0x00007fff87e09000 	C:\Windows\SYSTEM32\WSOCK32.dll
0x00007fff95d10000 - 0x00007fff95d37000 	C:\Windows\SYSTEM32\WINMM.dll
0x00007fffa4ce0000 - 0x00007fffa4d4b000 	C:\Windows\System32\WS2_32.dll
0x00007fffa04a0000 - 0x00007fffa04b2000 	C:\Windows\SYSTEM32\kernel.appcore.dll
0x00007fff9d370000 - 0x00007fff9d37a000 	C:\Program Files\Java\jdk-17.0.1\bin\jimage.dll
0x00007fff96420000 - 0x00007fff96604000 	C:\Windows\SYSTEM32\DBGHELP.DLL
0x00007fff85af0000 - 0x00007fff85b24000 	C:\Windows\SYSTEM32\dbgcore.DLL
0x00007fffa2a70000 - 0x00007fffa2af2000 	C:\Windows\System32\bcryptPrimitives.dll
0x00007fff901b0000 - 0x00007fff901d5000 	C:\Program Files\Java\jdk-17.0.1\bin\java.dll
0x00007fff84c00000 - 0x00007fff84cd6000 	C:\Program Files\Java\jdk-17.0.1\bin\svml.dll
0x00007fffa4590000 - 0x00007fffa4cd4000 	C:\Windows\System32\SHELL32.dll
0x00007fffa06a0000 - 0x00007fffa0e33000 	C:\Windows\SYSTEM32\windows.storage.dll
0x00007fffa3180000 - 0x00007fffa34d4000 	C:\Windows\System32\combase.dll
0x00007fffa2020000 - 0x00007fffa204e000 	C:\Windows\SYSTEM32\Wldp.dll
0x00007fffa3ef0000 - 0x00007fffa3f9d000 	C:\Windows\System32\SHCORE.dll
0x00007fffa34e0000 - 0x00007fffa3535000 	C:\Windows\System32\shlwapi.dll
0x00007fffa2510000 - 0x00007fffa252f000 	C:\Windows\SYSTEM32\profapi.dll
0x00007fff8c030000 - 0x00007fff8c049000 	C:\Program Files\Java\jdk-17.0.1\bin\net.dll
0x00007fff98c30000 - 0x00007fff98d3a000 	C:\Windows\SYSTEM32\WINHTTP.dll
0x00007fffa1d80000 - 0x00007fffa1dea000 	C:\Windows\system32\mswsock.dll
0x00007fff8c010000 - 0x00007fff8c025000 	C:\Program Files\Java\jdk-17.0.1\bin\nio.dll
0x00007fff8bff0000 - 0x00007fff8c008000 	C:\Program Files\Java\jdk-17.0.1\bin\zip.dll
0x00007fff95f80000 - 0x00007fff95f90000 	C:\Program Files\Java\jdk-17.0.1\bin\verify.dll
0x0000000071100000 - 0x0000000071125000 	C:\Users\EC-FIGUEROA\.jssc\windows\jSSC-2.8_x86_64.dll

dbghelp: loaded successfully - version: 4.0.5 - missing functions: none
symbol engine: initialized successfully - sym options: 0x614 - pdb path: .;C:\Program Files\Java\jdk-17.0.1\bin;C:\Windows\SYSTEM32;C:\Windows\WinSxS\amd64_microsoft.windows.common-controls_6595b64144ccf1df_6.0.19041.1110_none_60b5254171f9507e;C:\Program Files\Java\jdk-17.0.1\bin\server;C:\Users\EC-FIGUEROA\.jssc\windows

VM Arguments:
jvm_args: -Dfile.encoding=Cp1252 -XX:+ShowCodeDetailsInExceptionMessages 
java_command: rest.omms.SMSTranceiver
java_class_path (initial): C:\Users\EC-FIGUEROA\Documents\eclipse-workspace\Joblist\build\classes;C:\Users\EC-FIGUEROA\Documents\eclipse-workspace\Joblist\WebContent\WEB-INF\lib\RXTXcomm.jar;C:\Users\EC-FIGUEROA\Documents\eclipse-workspace\Joblist\WebContent\WEB-INF\lib\aopalliance-repackaged-2.5.0-b42.jar;C:\Users\EC-FIGUEROA\Documents\eclipse-workspace\Joblist\WebContent\WEB-INF\lib\cdi-api-1.1.jar;C:\Users\EC-FIGUEROA\Documents\eclipse-workspace\Joblist\WebContent\WEB-INF\lib\comm.jar;C:\Users\EC-FIGUEROA\Documents\eclipse-workspace\Joblist\WebContent\WEB-INF\lib\commons-net-2.0.jar;C:\Users\EC-FIGUEROA\Documents\eclipse-workspace\Joblist\WebContent\WEB-INF\lib\commons-net-3.0.1.jar;C:\Users\EC-FIGUEROA\Documents\eclipse-workspace\Joblist\WebContent\WEB-INF\lib\el-api-2.2.jar;C:\Users\EC-FIGUEROA\Documents\eclipse-workspace\Joblist\WebContent\WEB-INF\lib\google-api-services-drive-v3-rev20220417-1.32.1.jar;C:\Users\EC-FIGUEROA\Documents\eclipse-workspace\Joblist\WebContent\WEB-INF\lib\gson-2.2.2.jar;C:\Users\EC-FIGUEROA\Documents\eclipse-workspace\Joblist\WebContent\WEB-INF\lib\hk2-api-2.5.0-b42.jar;C:\Users\EC-FIGUEROA\Documents\eclipse-workspace\Joblist\WebContent\WEB-INF\lib\hk2-locator-2.5.0-b42.jar;C:\Users\EC-FIGUEROA\Documents\eclipse-workspace\Joblist\WebContent\WEB-INF\lib\hk2-utils-2.5.0-b42.jar;C:\Users\EC-FIGUEROA\Documents\eclipse-workspace\Joblist\WebContent\WEB-INF\lib\jar_files.zip;C:\Users\EC-FIGUEROA\Documents\eclipse-workspace\Joblist\WebContent\WEB-INF\lib\javassist-3.22.0-CR2.jar;C:\Users\EC-FIGUEROA\Documents\eclipse-workspace\Joblist\WebContent\WEB-INF\lib\javax.annotation-api-1.2.jar;C:\Users\EC-FIGUEROA\Documents\eclipse-workspace\Joblist\WebContent\WEB-INF\lib\javax.inject-1.jar;C:\Users\EC-FIGUEROA\Documents\eclipse-workspace\Joblist\WebContent\WEB-INF\lib\javax.inject-2.5.0-b42.jar;C:\Users\EC-FIGUEROA\Documents\eclipse-workspace\Joblist\WebContent\WEB-INF\lib\javax.json-1.1.jar;C:\Users\EC-FIGUEROA\Documents\eclipse-workspace\Joblist
Launcher Type: SUN_STANDARD

[Global flags]
     intx CICompilerCount                          = 4                                         {product} {ergonomic}
     uint ConcGCThreads                            = 3                                         {product} {ergonomic}
     uint G1ConcRefinementThreads                  = 10                                        {product} {ergonomic}
   size_t G1HeapRegionSize                         = 2097152                                   {product} {ergonomic}
    uintx GCDrainStackTargetSize                   = 64                                        {product} {ergonomic}
   size_t InitialHeapSize                          = 266338304                                 {product} {ergonomic}
   size_t MarkStackSize                            = 4194304                                   {product} {ergonomic}
   size_t MaxHeapSize                              = 4240441344                                {product} {ergonomic}
   size_t MaxNewSize                               = 2543845376                                {product} {ergonomic}
   size_t MinHeapDeltaBytes                        = 2097152                                   {product} {ergonomic}
   size_t MinHeapSize                              = 8388608                                   {product} {ergonomic}
    uintx NonNMethodCodeHeapSize                   = 5839372                                {pd product} {ergonomic}
    uintx NonProfiledCodeHeapSize                  = 122909434                              {pd product} {ergonomic}
    uintx ProfiledCodeHeapSize                     = 122909434                              {pd product} {ergonomic}
    uintx ReservedCodeCacheSize                    = 251658240                              {pd product} {ergonomic}
     bool SegmentedCodeCache                       = true                                      {product} {ergonomic}
     bool ShowCodeDetailsInExceptionMessages       = true                                   {manageable} {command line}
   size_t SoftMaxHeapSize                          = 4240441344                             {manageable} {ergonomic}
     bool UseCompressedClassPointers               = true                           {product lp64_product} {ergonomic}
     bool UseCompressedOops                        = true                           {product lp64_product} {ergonomic}
     bool UseG1GC                                  = true                                      {product} {ergonomic}
     bool UseLargePagesIndividualAllocation        = false                                  {pd product} {ergonomic}

Logging:
Log output configuration:
 #0: stdout all=warning uptime,level,tags
 #1: stderr all=off uptime,level,tags

Environment Variables:
PATH=C:/Program Files/Java/jdk-17.0.1/bin/server;C:/Program Files/Java/jdk-17.0.1/bin;C:\Windows\system32;C:\Windows;C:\Windows\System32\Wbem;C:\Windows\System32\WindowsPowerShell\v1.0\;C:\Windows\System32\OpenSSH\;C:\Program Files (x86)\NVIDIA Corporation\PhysX\Common;C:\Program Files\NVIDIA Corporation\NVIDIA NvDLISR;C:\Program Files\dotnet\;C:\Program Files\Git\cmd;C:\Users\EC-FIGUEROA\AppData\Local\Microsoft\WindowsApps;;C:\Windows\system32;
USERNAME=EC-FIGUEROA
OS=Windows_NT
PROCESSOR_IDENTIFIER=AMD64 Family 25 Model 80 Stepping 0, AuthenticAMD



---------------  S Y S T E M  ---------------

OS:
 Windows 10 , 64 bit Build 19041 (10.0.19041.3031)
OS uptime: 13 days 18:18 hours

CPU: total 12 (initial active 12) (12 cores per cpu, 2 threads per core) family 25 model 80 stepping 0 microcode 0x0, cx8, cmov, fxsr, ht, mmx, 3dnowpref, sse, sse2, sse3, ssse3, sse4a, sse4.1, sse4.2, popcnt, lzcnt, tsc, tscinvbit, avx, avx2, aes, erms, clmul, bmi1, bmi2, adx, sha, fma, vzeroupper, clflush, clflushopt

Memory: 4k page, system-wide physical 16175M (5759M free)
TotalPageFile size 23076M (AvailPageFile size 2518M)
current process WorkingSet (physical memory assigned to process): 38M, peak: 38M
current process commit charge ("private bytes"): 349M, peak: 349M

vm_info: Java HotSpot(TM) 64-Bit Server VM (17.0.1+12-LTS-39) for windows-amd64 JRE (17.0.1+12-LTS-39), built on Sep 27 2021 18:41:35 by "mach5one" with MS VC++ 16.8 (VS2019)

END.
